2023-08-03 16:24:40 INFO  [springAppName_IS_UNDEFINED,,,] mainorg.springframework.context.support.PostProcessorRegistrationDelegate$BeanPostProcessorChecker Bean 'org.springframework.cloud.autoconfigure.ConfigurationPropertiesRebinderAutoConfiguration' of type [org.springframework.cloud.autoconfigure.ConfigurationPropertiesRebinderAutoConfiguration] is not eligible for getting processed by all BeanPostProcessors (for example: not eligible for auto-proxying)
2023-08-03 16:24:41 INFO  [Hlb-Server-System,,,] maincom.hlb.server.system.HlbServerSystemApplication No active profile set, falling back to default profiles: default
2023-08-03 16:24:43 INFO  [Hlb-Server-System,,,] mainorg.springframework.cloud.context.scope.GenericScope BeanFactory id=465c226c-cf17-3ec2-bfbb-e252581d147b
2023-08-03 16:24:43 INFO  [Hlb-Server-System,,,] mainorg.springframework.context.support.PostProcessorRegistrationDelegate$BeanPostProcessorChecker Bean 'spring.datasource.dynamic-com.baomidou.dynamic.datasource.spring.boot.autoconfigure.DynamicDataSourceProperties' of type [com.baomidou.dynamic.datasource.spring.boot.autoconfigure.DynamicDataSourceProperties] is not eligible for getting processed by all BeanPostProcessors (for example: not eligible for auto-proxying)
2023-08-03 16:24:43 INFO  [Hlb-Server-System,,,] mainorg.springframework.context.support.PostProcessorRegistrationDelegate$BeanPostProcessorChecker Bean 'com.baomidou.dynamic.datasource.spring.boot.autoconfigure.DynamicDataSourceAutoConfiguration' of type [com.baomidou.dynamic.datasource.spring.boot.autoconfigure.DynamicDataSourceAutoConfiguration$$EnhancerBySpringCGLIB$$83b70bff] is not eligible for getting processed by all BeanPostProcessors (for example: not eligible for auto-proxying)
2023-08-03 16:24:43 INFO  [Hlb-Server-System,,,] mainorg.springframework.context.support.PostProcessorRegistrationDelegate$BeanPostProcessorChecker Bean 'dsProcessor' of type [com.baomidou.dynamic.datasource.processor.DsHeaderProcessor] is not eligible for getting processed by all BeanPostProcessors (for example: not eligible for auto-proxying)
2023-08-03 16:24:43 INFO  [Hlb-Server-System,,,] mainorg.springframework.context.support.PostProcessorRegistrationDelegate$BeanPostProcessorChecker Bean 'dynamicDatasourceAnnotationAdvisor' of type [com.baomidou.dynamic.datasource.aop.DynamicDataSourceAnnotationAdvisor] is not eligible for getting processed by all BeanPostProcessors (for example: not eligible for auto-proxying)
2023-08-03 16:24:43 INFO  [Hlb-Server-System,,,] mainorg.springframework.context.support.PostProcessorRegistrationDelegate$BeanPostProcessorChecker Bean 'org.springframework.security.config.annotation.configuration.ObjectPostProcessorConfiguration' of type [org.springframework.security.config.annotation.configuration.ObjectPostProcessorConfiguration] is not eligible for getting processed by all BeanPostProcessors (for example: not eligible for auto-proxying)
2023-08-03 16:24:43 INFO  [Hlb-Server-System,,,] mainorg.springframework.context.support.PostProcessorRegistrationDelegate$BeanPostProcessorChecker Bean 'objectPostProcessor' of type [org.springframework.security.config.annotation.configuration.AutowireBeanFactoryObjectPostProcessor] is not eligible for getting processed by all BeanPostProcessors (for example: not eligible for auto-proxying)
2023-08-03 16:24:43 INFO  [Hlb-Server-System,,,] mainorg.springframework.context.support.PostProcessorRegistrationDelegate$BeanPostProcessorChecker Bean 'org.springframework.security.access.expression.method.DefaultMethodSecurityExpressionHandler@578a5ce8' of type [org.springframework.security.oauth2.provider.expression.OAuth2MethodSecurityExpressionHandler] is not eligible for getting processed by all BeanPostProcessors (for example: not eligible for auto-proxying)
2023-08-03 16:24:43 INFO  [Hlb-Server-System,,,] mainorg.springframework.context.support.PostProcessorRegistrationDelegate$BeanPostProcessorChecker Bean 'org.springframework.security.config.annotation.method.configuration.GlobalMethodSecurityConfiguration' of type [org.springframework.security.config.annotation.method.configuration.GlobalMethodSecurityConfiguration] is not eligible for getting processed by all BeanPostProcessors (for example: not eligible for auto-proxying)
2023-08-03 16:24:43 INFO  [Hlb-Server-System,,,] mainorg.springframework.context.support.PostProcessorRegistrationDelegate$BeanPostProcessorChecker Bean 'methodSecurityMetadataSource' of type [org.springframework.security.access.method.DelegatingMethodSecurityMetadataSource] is not eligible for getting processed by all BeanPostProcessors (for example: not eligible for auto-proxying)
2023-08-03 16:24:43 INFO  [Hlb-Server-System,,,] mainorg.springframework.context.support.PostProcessorRegistrationDelegate$BeanPostProcessorChecker Bean 'org.springframework.transaction.annotation.ProxyTransactionManagementConfiguration' of type [org.springframework.transaction.annotation.ProxyTransactionManagementConfiguration] is not eligible for getting processed by all BeanPostProcessors (for example: not eligible for auto-proxying)
2023-08-03 16:24:43 INFO  [Hlb-Server-System,,,] mainorg.springframework.context.support.PostProcessorRegistrationDelegate$BeanPostProcessorChecker Bean 'org.springframework.cloud.autoconfigure.ConfigurationPropertiesRebinderAutoConfiguration' of type [org.springframework.cloud.autoconfigure.ConfigurationPropertiesRebinderAutoConfiguration] is not eligible for getting processed by all BeanPostProcessors (for example: not eligible for auto-proxying)
2023-08-03 16:24:43 INFO  [Hlb-Server-System,,,] mainorg.springframework.context.support.PostProcessorRegistrationDelegate$BeanPostProcessorChecker Bean 'org.springframework.cloud.sleuth.instrument.web.client.TraceWebClientAutoConfiguration$TraceOAuthConfiguration' of type [org.springframework.cloud.sleuth.instrument.web.client.TraceWebClientAutoConfiguration$TraceOAuthConfiguration] is not eligible for getting processed by all BeanPostProcessors (for example: not eligible for auto-proxying)
2023-08-03 16:24:43 INFO  [Hlb-Server-System,,,] mainorg.springframework.boot.web.embedded.tomcat.TomcatWebServer Tomcat initialized with port(s): 8201 (http)
2023-08-03 16:24:43 INFO  [Hlb-Server-System,,,] mainorg.apache.coyote.http11.Http11NioProtocol Initializing ProtocolHandler ["http-nio-8201"]
2023-08-03 16:24:43 INFO  [Hlb-Server-System,,,] mainorg.apache.catalina.core.StandardService Starting service [Tomcat]
2023-08-03 16:24:43 INFO  [Hlb-Server-System,,,] mainorg.apache.catalina.core.StandardEngine Starting Servlet engine: [Apache Tomcat/9.0.27]
2023-08-03 16:24:44 INFO  [Hlb-Server-System,,,] mainorg.apache.catalina.core.ContainerBase.[Tomcat].[localhost].[/] Initializing Spring embedded WebApplicationContext
2023-08-03 16:24:44 INFO  [Hlb-Server-System,,,] mainorg.springframework.web.context.ContextLoader Root WebApplicationContext: initialization completed in 2210 ms
2023-08-03 16:24:44 INFO  [Hlb-Server-System,,,] maincom.netflix.config.sources.URLConfigurationSource To enable URLs as dynamic configuration sources, define System property archaius.configurationSource.additionalUrls or make config.properties available on classpath.
2023-08-03 16:24:44 INFO  [Hlb-Server-System,,,] maincom.netflix.config.DynamicPropertyFactory DynamicPropertyFactory is initialized with configuration sources: com.netflix.config.ConcurrentCompositeConfiguration@b5c902
2023-08-03 16:24:44 INFO  [Hlb-Server-System,,,] maincom.baomidou.dynamic.datasource.DynamicRoutingDataSource 动态数据源-检测到并开启了p6spy
2023-08-03 16:24:44 INFO  [Hlb-Server-System,,,] maincom.zaxxer.hikari.HikariDataSource base - Starting...
2023-08-03 16:24:44 INFO  [Hlb-Server-System,,,] maincom.zaxxer.hikari.HikariDataSource base - Start completed.
2023-08-03 16:24:44 INFO  [Hlb-Server-System,,,] maincom.baomidou.dynamic.datasource.DynamicRoutingDataSource 初始共加载 1 个数据源
2023-08-03 16:24:44 INFO  [Hlb-Server-System,,,] maincom.baomidou.dynamic.datasource.DynamicRoutingDataSource 动态数据源-加载 base 成功
2023-08-03 16:24:44 INFO  [Hlb-Server-System,,,] maincom.baomidou.dynamic.datasource.DynamicRoutingDataSource 当前的默认数据源是单数据源，数据源名为 base
2023-08-03 16:24:46 INFO  [Hlb-Server-System,,,] mainorg.springframework.cloud.commons.util.InetUtils Cannot determine local hostname
2023-08-03 16:24:46 INFO  [Hlb-Server-System,,,] mainorg.springframework.boot.actuate.endpoint.web.ServletEndpointRegistrar Registered '/actuator/jolokia' to jolokia-actuator-endpoint
2023-08-03 16:24:47 INFO  [Hlb-Server-System,,,] mainorg.springframework.boot.actuate.endpoint.web.EndpointLinksResolver Exposing 18 endpoint(s) beneath base path '/actuator'
2023-08-03 16:24:47 INFO  [Hlb-Server-System,,,] mainspringfox.documentation.spring.web.PropertySourcedRequestMappingHandlerMapping Mapped URL path [/v2/api-docs] onto method [springfox.documentation.swagger2.web.Swagger2Controller#getDocumentation(String, HttpServletRequest)]
2023-08-03 16:24:47 INFO  [Hlb-Server-System,,,] maincom.netflix.config.sources.URLConfigurationSource To enable URLs as dynamic configuration sources, define System property archaius.configurationSource.additionalUrls or make config.properties available on classpath.
2023-08-03 16:24:47 INFO  [Hlb-Server-System,,,] mainorg.springframework.scheduling.concurrent.ThreadPoolTaskExecutor Initializing ExecutorService 'applicationTaskExecutor'
2023-08-03 16:24:48 INFO  [Hlb-Server-System,,,] mainorg.springframework.scheduling.concurrent.ThreadPoolTaskScheduler Initializing ExecutorService
2023-08-03 16:24:48 INFO  [Hlb-Server-System,,,] mainorg.springframework.boot.autoconfigure.security.servlet.UserDetailsServiceAutoConfiguration 

Using generated security password: 44eba772-6480-4594-a7f3-b8374da895ba

2023-08-03 16:24:48 INFO  [Hlb-Server-System,,,] mainorg.springframework.security.web.DefaultSecurityFilterChain Creating filter chain: OrRequestMatcher [requestMatchers=[Ant [pattern='/**']]], [org.springframework.security.web.context.request.async.WebAsyncManagerIntegrationFilter@584f4ca5, org.springframework.security.web.context.SecurityContextPersistenceFilter@52b49891, org.springframework.security.web.header.HeaderWriterFilter@16eb93af, org.springframework.security.web.authentication.logout.LogoutFilter@47cf65f1, org.springframework.security.oauth2.provider.authentication.OAuth2AuthenticationProcessingFilter@62ec4146, org.springframework.security.web.savedrequest.RequestCacheAwareFilter@47bfde21, org.springframework.security.web.servletapi.SecurityContextHolderAwareRequestFilter@4faaff61, org.springframework.security.web.authentication.AnonymousAuthenticationFilter@568fd3de, org.springframework.security.web.session.SessionManagementFilter@3d8e1fa6, org.springframework.security.web.access.ExceptionTranslationFilter@1f86f7da, org.springframework.security.web.access.intercept.FilterSecurityInterceptor@4220468]
2023-08-03 16:24:49 INFO  [Hlb-Server-System,,,] mainorg.springframework.cloud.commons.util.InetUtils Cannot determine local hostname
2023-08-03 16:24:50 INFO  [Hlb-Server-System,,,] mainorg.springframework.cloud.commons.util.InetUtils Cannot determine local hostname
2023-08-03 16:24:51 INFO  [Hlb-Server-System,,,] mainorg.springframework.cloud.netflix.eureka.InstanceInfoFactory Setting initial instance status as: STARTING
2023-08-03 16:24:51 INFO  [Hlb-Server-System,,,] maincom.netflix.discovery.DiscoveryClient Initializing Eureka in region us-east-1
2023-08-03 16:24:51 INFO  [Hlb-Server-System,,,] maincom.netflix.discovery.provider.DiscoveryJerseyProvider Using JSON encoding codec LegacyJacksonJson
2023-08-03 16:24:51 INFO  [Hlb-Server-System,,,] maincom.netflix.discovery.provider.DiscoveryJerseyProvider Using JSON decoding codec LegacyJacksonJson
2023-08-03 16:24:51 INFO  [Hlb-Server-System,,,] maincom.netflix.discovery.provider.DiscoveryJerseyProvider Using XML encoding codec XStreamXml
2023-08-03 16:24:51 INFO  [Hlb-Server-System,,,] maincom.netflix.discovery.provider.DiscoveryJerseyProvider Using XML decoding codec XStreamXml
2023-08-03 16:24:51 INFO  [Hlb-Server-System,,,] maincom.netflix.discovery.shared.resolver.aws.ConfigClusterResolver Resolving eureka endpoints via configuration
2023-08-03 16:24:51 INFO  [Hlb-Server-System,,,] maincom.netflix.discovery.DiscoveryClient Disable delta property : false
2023-08-03 16:24:51 INFO  [Hlb-Server-System,,,] maincom.netflix.discovery.DiscoveryClient Single vip registry refresh property : null
2023-08-03 16:24:51 INFO  [Hlb-Server-System,,,] maincom.netflix.discovery.DiscoveryClient Force full registry fetch : false
2023-08-03 16:24:51 INFO  [Hlb-Server-System,,,] maincom.netflix.discovery.DiscoveryClient Application is null : false
2023-08-03 16:24:51 INFO  [Hlb-Server-System,,,] maincom.netflix.discovery.DiscoveryClient Registered Applications size is zero : true
2023-08-03 16:24:51 INFO  [Hlb-Server-System,,,] maincom.netflix.discovery.DiscoveryClient Application version is -1: true
2023-08-03 16:24:51 INFO  [Hlb-Server-System,,,] maincom.netflix.discovery.DiscoveryClient Getting all instance registry info from the eureka server
2023-08-03 16:24:51 INFO  [Hlb-Server-System,,,] maincom.netflix.discovery.DiscoveryClient The response status is 200
2023-08-03 16:24:51 INFO  [Hlb-Server-System,,,] maincom.netflix.discovery.DiscoveryClient Starting heartbeat executor: renew interval is: 20
2023-08-03 16:24:51 INFO  [Hlb-Server-System,,,] maincom.netflix.discovery.InstanceInfoReplicator InstanceInfoReplicator onDemand update allowed rate per min is 4
2023-08-03 16:24:51 INFO  [Hlb-Server-System,,,] maincom.netflix.discovery.DiscoveryClient Discovery Client initialized at timestamp 1691051091520 with initial instances count: 2
2023-08-03 16:24:51 INFO  [Hlb-Server-System,,,] mainorg.springframework.cloud.netflix.eureka.serviceregistry.EurekaServiceRegistry Registering application HLB-SERVER-SYSTEM with eureka with status UP
2023-08-03 16:24:51 INFO  [Hlb-Server-System,,,] maincom.netflix.discovery.DiscoveryClient Saw local status change event StatusChangeEvent [timestamp=1691051091529, current=UP, previous=STARTING]
2023-08-03 16:24:51 INFO  [Hlb-Server-System,,,] DiscoveryClient-InstanceInfoReplicator-0com.netflix.discovery.DiscoveryClient DiscoveryClient_HLB-SERVER-SYSTEM/localhost:Hlb-Server-System:8201: registering service...
2023-08-03 16:24:51 INFO  [Hlb-Server-System,,,] mainspringfox.documentation.spring.web.plugins.DocumentationPluginsBootstrapper Context refreshed
2023-08-03 16:24:51 INFO  [Hlb-Server-System,,,] mainspringfox.documentation.spring.web.plugins.DocumentationPluginsBootstrapper Found 1 custom documentation plugin(s)
2023-08-03 16:24:51 INFO  [Hlb-Server-System,,,] DiscoveryClient-InstanceInfoReplicator-0com.netflix.discovery.DiscoveryClient DiscoveryClient_HLB-SERVER-SYSTEM/localhost:Hlb-Server-System:8201 - registration status: 204
2023-08-03 16:24:51 INFO  [Hlb-Server-System,,,] mainspringfox.documentation.spring.web.scanners.ApiListingReferenceScanner Scanning for api listing references
2023-08-03 16:24:51 INFO  [Hlb-Server-System,,,] mainorg.apache.coyote.http11.Http11NioProtocol Starting ProtocolHandler ["http-nio-8201"]
2023-08-03 16:24:51 INFO  [Hlb-Server-System,,,] mainorg.springframework.boot.web.embedded.tomcat.TomcatWebServer Tomcat started on port(s): 8201 (http) with context path ''
2023-08-03 16:24:51 INFO  [Hlb-Server-System,,,] mainorg.springframework.cloud.netflix.eureka.serviceregistry.EurekaAutoServiceRegistration Updating port to 8201
2023-08-03 16:24:52 INFO  [Hlb-Server-System,,,] mainorg.springframework.cloud.commons.util.InetUtils Cannot determine local hostname
2023-08-03 16:24:52 INFO  [Hlb-Server-System,,,] maincom.hlb.server.system.HlbServerSystemApplication Started HlbServerSystemApplication in 13.873 seconds (JVM running for 14.644)
2023-08-03 16:24:53 INFO  [Hlb-Server-System,,,] RMI TCP Connection(3)-192.168.56.1org.springframework.amqp.rabbit.connection.CachingConnectionFactory Attempting to connect to: [127.0.0.1:5672]
2023-08-03 16:24:53 INFO  [Hlb-Server-System,,,] RMI TCP Connection(2)-192.168.56.1org.apache.catalina.core.ContainerBase.[Tomcat].[localhost].[/] Initializing Spring DispatcherServlet 'dispatcherServlet'
2023-08-03 16:24:53 INFO  [Hlb-Server-System,,,] RMI TCP Connection(2)-192.168.56.1org.springframework.web.servlet.DispatcherServlet Initializing Servlet 'dispatcherServlet'
2023-08-03 16:24:53 INFO  [Hlb-Server-System,,,] RMI TCP Connection(3)-192.168.56.1org.springframework.amqp.rabbit.connection.CachingConnectionFactory Created new connection: rabbitConnectionFactory#36d697ab:0/SimpleConnection@52e79df4 [delegate=amqp://hlb@127.0.0.1:5672/, localPort= 55779]
2023-08-03 16:24:53 INFO  [Hlb-Server-System,,,] RMI TCP Connection(2)-192.168.56.1org.springframework.web.servlet.DispatcherServlet Completed initialization in 12 ms
2023-08-03 16:24:57 INFO  [Hlb-Server-System,,,] registrationTask1de.codecentric.boot.admin.client.registration.ApplicationRegistrator Application registered itself as 5e0c075a675c
2023-08-03 16:29:51 INFO  [Hlb-Server-System,,,] AsyncResolver-bootstrap-executor-0com.netflix.discovery.shared.resolver.aws.ConfigClusterResolver Resolving eureka endpoints via configuration
2023-08-03 16:33:35 INFO  [Hlb-Server-System,e619d311c2f13f50,17a05d8040e88198,true] http-nio-8201-exec-3com.hlb.server.system.controller.TestController /hello服务被调用
2023-08-03 16:34:51 INFO  [Hlb-Server-System,,,] AsyncResolver-bootstrap-executor-0com.netflix.discovery.shared.resolver.aws.ConfigClusterResolver Resolving eureka endpoints via configuration
2023-08-03 16:39:51 INFO  [Hlb-Server-System,,,] AsyncResolver-bootstrap-executor-0com.netflix.discovery.shared.resolver.aws.ConfigClusterResolver Resolving eureka endpoints via configuration
2023-08-03 16:44:51 INFO  [springAppName_IS_UNDEFINED,,,] AsyncResolver-bootstrap-executor-0com.netflix.discovery.shared.resolver.aws.ConfigClusterResolver Resolving eureka endpoints via configuration
2023-08-03 16:49:51 INFO  [springAppName_IS_UNDEFINED,,,] AsyncResolver-bootstrap-executor-0com.netflix.discovery.shared.resolver.aws.ConfigClusterResolver Resolving eureka endpoints via configuration
2023-08-03 16:54:51 INFO  [springAppName_IS_UNDEFINED,,,] AsyncResolver-bootstrap-executor-0com.netflix.discovery.shared.resolver.aws.ConfigClusterResolver Resolving eureka endpoints via configuration
2023-08-03 16:59:51 INFO  [springAppName_IS_UNDEFINED,,,] AsyncResolver-bootstrap-executor-0com.netflix.discovery.shared.resolver.aws.ConfigClusterResolver Resolving eureka endpoints via configuration
2023-08-03 17:04:51 INFO  [springAppName_IS_UNDEFINED,,,] AsyncResolver-bootstrap-executor-0com.netflix.discovery.shared.resolver.aws.ConfigClusterResolver Resolving eureka endpoints via configuration
2023-08-03 17:09:51 INFO  [springAppName_IS_UNDEFINED,,,] AsyncResolver-bootstrap-executor-0com.netflix.discovery.shared.resolver.aws.ConfigClusterResolver Resolving eureka endpoints via configuration
2023-08-03 17:14:51 INFO  [springAppName_IS_UNDEFINED,,,] AsyncResolver-bootstrap-executor-0com.netflix.discovery.shared.resolver.aws.ConfigClusterResolver Resolving eureka endpoints via configuration
2023-08-03 17:19:51 INFO  [springAppName_IS_UNDEFINED,,,] AsyncResolver-bootstrap-executor-0com.netflix.discovery.shared.resolver.aws.ConfigClusterResolver Resolving eureka endpoints via configuration
2023-08-03 17:24:51 INFO  [springAppName_IS_UNDEFINED,,,] AsyncResolver-bootstrap-executor-0com.netflix.discovery.shared.resolver.aws.ConfigClusterResolver Resolving eureka endpoints via configuration
2023-08-03 17:29:51 INFO  [springAppName_IS_UNDEFINED,,,] AsyncResolver-bootstrap-executor-0com.netflix.discovery.shared.resolver.aws.ConfigClusterResolver Resolving eureka endpoints via configuration
2023-08-03 17:34:51 INFO  [springAppName_IS_UNDEFINED,,,] AsyncResolver-bootstrap-executor-0com.netflix.discovery.shared.resolver.aws.ConfigClusterResolver Resolving eureka endpoints via configuration
2023-08-03 17:39:51 INFO  [springAppName_IS_UNDEFINED,,,] AsyncResolver-bootstrap-executor-0com.netflix.discovery.shared.resolver.aws.ConfigClusterResolver Resolving eureka endpoints via configuration
2023-08-03 17:44:51 INFO  [springAppName_IS_UNDEFINED,,,] AsyncResolver-bootstrap-executor-0com.netflix.discovery.shared.resolver.aws.ConfigClusterResolver Resolving eureka endpoints via configuration
2023-08-03 17:49:51 INFO  [springAppName_IS_UNDEFINED,,,] AsyncResolver-bootstrap-executor-0com.netflix.discovery.shared.resolver.aws.ConfigClusterResolver Resolving eureka endpoints via configuration
2023-08-03 17:54:51 INFO  [springAppName_IS_UNDEFINED,,,] AsyncResolver-bootstrap-executor-0com.netflix.discovery.shared.resolver.aws.ConfigClusterResolver Resolving eureka endpoints via configuration
2023-08-03 17:59:51 INFO  [springAppName_IS_UNDEFINED,,,] AsyncResolver-bootstrap-executor-0com.netflix.discovery.shared.resolver.aws.ConfigClusterResolver Resolving eureka endpoints via configuration
2023-08-03 18:04:51 INFO  [springAppName_IS_UNDEFINED,,,] AsyncResolver-bootstrap-executor-0com.netflix.discovery.shared.resolver.aws.ConfigClusterResolver Resolving eureka endpoints via configuration
2023-08-03 18:09:51 INFO  [springAppName_IS_UNDEFINED,,,] AsyncResolver-bootstrap-executor-0com.netflix.discovery.shared.resolver.aws.ConfigClusterResolver Resolving eureka endpoints via configuration
2023-08-03 18:14:51 INFO  [springAppName_IS_UNDEFINED,,,] AsyncResolver-bootstrap-executor-0com.netflix.discovery.shared.resolver.aws.ConfigClusterResolver Resolving eureka endpoints via configuration
2023-08-03 18:19:51 INFO  [springAppName_IS_UNDEFINED,,,] AsyncResolver-bootstrap-executor-0com.netflix.discovery.shared.resolver.aws.ConfigClusterResolver Resolving eureka endpoints via configuration
2023-08-03 18:24:51 INFO  [springAppName_IS_UNDEFINED,,,] AsyncResolver-bootstrap-executor-0com.netflix.discovery.shared.resolver.aws.ConfigClusterResolver Resolving eureka endpoints via configuration
2023-08-03 18:29:51 INFO  [springAppName_IS_UNDEFINED,,,] AsyncResolver-bootstrap-executor-0com.netflix.discovery.shared.resolver.aws.ConfigClusterResolver Resolving eureka endpoints via configuration
2023-08-03 18:34:51 INFO  [springAppName_IS_UNDEFINED,,,] AsyncResolver-bootstrap-executor-0com.netflix.discovery.shared.resolver.aws.ConfigClusterResolver Resolving eureka endpoints via configuration
2023-08-03 18:39:51 INFO  [springAppName_IS_UNDEFINED,,,] AsyncResolver-bootstrap-executor-0com.netflix.discovery.shared.resolver.aws.ConfigClusterResolver Resolving eureka endpoints via configuration
2023-08-03 18:44:51 INFO  [springAppName_IS_UNDEFINED,,,] AsyncResolver-bootstrap-executor-0com.netflix.discovery.shared.resolver.aws.ConfigClusterResolver Resolving eureka endpoints via configuration
2023-08-03 18:49:51 INFO  [springAppName_IS_UNDEFINED,,,] AsyncResolver-bootstrap-executor-0com.netflix.discovery.shared.resolver.aws.ConfigClusterResolver Resolving eureka endpoints via configuration
2023-08-03 18:54:51 INFO  [springAppName_IS_UNDEFINED,,,] AsyncResolver-bootstrap-executor-0com.netflix.discovery.shared.resolver.aws.ConfigClusterResolver Resolving eureka endpoints via configuration
2023-08-03 18:59:51 INFO  [springAppName_IS_UNDEFINED,,,] AsyncResolver-bootstrap-executor-0com.netflix.discovery.shared.resolver.aws.ConfigClusterResolver Resolving eureka endpoints via configuration
2023-08-03 19:04:51 INFO  [springAppName_IS_UNDEFINED,,,] AsyncResolver-bootstrap-executor-0com.netflix.discovery.shared.resolver.aws.ConfigClusterResolver Resolving eureka endpoints via configuration
2023-08-03 19:09:51 INFO  [springAppName_IS_UNDEFINED,,,] AsyncResolver-bootstrap-executor-0com.netflix.discovery.shared.resolver.aws.ConfigClusterResolver Resolving eureka endpoints via configuration
2023-08-03 19:14:51 INFO  [springAppName_IS_UNDEFINED,,,] AsyncResolver-bootstrap-executor-0com.netflix.discovery.shared.resolver.aws.ConfigClusterResolver Resolving eureka endpoints via configuration
2023-08-03 19:19:51 INFO  [springAppName_IS_UNDEFINED,,,] AsyncResolver-bootstrap-executor-0com.netflix.discovery.shared.resolver.aws.ConfigClusterResolver Resolving eureka endpoints via configuration
2023-08-03 19:24:51 INFO  [springAppName_IS_UNDEFINED,,,] AsyncResolver-bootstrap-executor-0com.netflix.discovery.shared.resolver.aws.ConfigClusterResolver Resolving eureka endpoints via configuration
2023-08-03 19:29:51 INFO  [springAppName_IS_UNDEFINED,,,] AsyncResolver-bootstrap-executor-0com.netflix.discovery.shared.resolver.aws.ConfigClusterResolver Resolving eureka endpoints via configuration
2023-08-03 19:34:51 INFO  [springAppName_IS_UNDEFINED,,,] AsyncResolver-bootstrap-executor-0com.netflix.discovery.shared.resolver.aws.ConfigClusterResolver Resolving eureka endpoints via configuration
2023-08-03 19:39:51 INFO  [springAppName_IS_UNDEFINED,,,] AsyncResolver-bootstrap-executor-0com.netflix.discovery.shared.resolver.aws.ConfigClusterResolver Resolving eureka endpoints via configuration
2023-08-03 19:44:51 INFO  [springAppName_IS_UNDEFINED,,,] AsyncResolver-bootstrap-executor-0com.netflix.discovery.shared.resolver.aws.ConfigClusterResolver Resolving eureka endpoints via configuration
2023-08-03 19:49:51 INFO  [springAppName_IS_UNDEFINED,,,] AsyncResolver-bootstrap-executor-0com.netflix.discovery.shared.resolver.aws.ConfigClusterResolver Resolving eureka endpoints via configuration
2023-08-03 19:54:51 INFO  [springAppName_IS_UNDEFINED,,,] AsyncResolver-bootstrap-executor-0com.netflix.discovery.shared.resolver.aws.ConfigClusterResolver Resolving eureka endpoints via configuration
2023-08-03 19:59:51 INFO  [springAppName_IS_UNDEFINED,,,] AsyncResolver-bootstrap-executor-0com.netflix.discovery.shared.resolver.aws.ConfigClusterResolver Resolving eureka endpoints via configuration
2023-08-03 20:04:51 INFO  [springAppName_IS_UNDEFINED,,,] AsyncResolver-bootstrap-executor-0com.netflix.discovery.shared.resolver.aws.ConfigClusterResolver Resolving eureka endpoints via configuration
2023-08-03 20:09:51 INFO  [springAppName_IS_UNDEFINED,,,] AsyncResolver-bootstrap-executor-0com.netflix.discovery.shared.resolver.aws.ConfigClusterResolver Resolving eureka endpoints via configuration
2023-08-03 20:14:51 INFO  [springAppName_IS_UNDEFINED,,,] AsyncResolver-bootstrap-executor-0com.netflix.discovery.shared.resolver.aws.ConfigClusterResolver Resolving eureka endpoints via configuration
2023-08-03 20:19:51 INFO  [springAppName_IS_UNDEFINED,,,] AsyncResolver-bootstrap-executor-0com.netflix.discovery.shared.resolver.aws.ConfigClusterResolver Resolving eureka endpoints via configuration
2023-08-03 20:24:51 INFO  [springAppName_IS_UNDEFINED,,,] AsyncResolver-bootstrap-executor-0com.netflix.discovery.shared.resolver.aws.ConfigClusterResolver Resolving eureka endpoints via configuration
2023-08-03 20:29:51 INFO  [springAppName_IS_UNDEFINED,,,] AsyncResolver-bootstrap-executor-0com.netflix.discovery.shared.resolver.aws.ConfigClusterResolver Resolving eureka endpoints via configuration
2023-08-03 20:34:51 INFO  [springAppName_IS_UNDEFINED,,,] AsyncResolver-bootstrap-executor-0com.netflix.discovery.shared.resolver.aws.ConfigClusterResolver Resolving eureka endpoints via configuration
2023-08-03 20:39:51 INFO  [springAppName_IS_UNDEFINED,,,] AsyncResolver-bootstrap-executor-0com.netflix.discovery.shared.resolver.aws.ConfigClusterResolver Resolving eureka endpoints via configuration
2023-08-03 20:44:51 INFO  [springAppName_IS_UNDEFINED,,,] AsyncResolver-bootstrap-executor-0com.netflix.discovery.shared.resolver.aws.ConfigClusterResolver Resolving eureka endpoints via configuration
2023-08-03 20:49:51 INFO  [springAppName_IS_UNDEFINED,,,] AsyncResolver-bootstrap-executor-0com.netflix.discovery.shared.resolver.aws.ConfigClusterResolver Resolving eureka endpoints via configuration
2023-08-03 20:54:51 INFO  [springAppName_IS_UNDEFINED,,,] AsyncResolver-bootstrap-executor-0com.netflix.discovery.shared.resolver.aws.ConfigClusterResolver Resolving eureka endpoints via configuration
2023-08-03 20:59:51 INFO  [springAppName_IS_UNDEFINED,,,] AsyncResolver-bootstrap-executor-0com.netflix.discovery.shared.resolver.aws.ConfigClusterResolver Resolving eureka endpoints via configuration
2023-08-03 21:04:51 INFO  [springAppName_IS_UNDEFINED,,,] AsyncResolver-bootstrap-executor-0com.netflix.discovery.shared.resolver.aws.ConfigClusterResolver Resolving eureka endpoints via configuration
2023-08-03 21:09:51 INFO  [springAppName_IS_UNDEFINED,,,] AsyncResolver-bootstrap-executor-0com.netflix.discovery.shared.resolver.aws.ConfigClusterResolver Resolving eureka endpoints via configuration
2023-08-03 21:14:51 INFO  [springAppName_IS_UNDEFINED,,,] AsyncResolver-bootstrap-executor-0com.netflix.discovery.shared.resolver.aws.ConfigClusterResolver Resolving eureka endpoints via configuration
2023-08-03 21:19:51 INFO  [springAppName_IS_UNDEFINED,,,] AsyncResolver-bootstrap-executor-0com.netflix.discovery.shared.resolver.aws.ConfigClusterResolver Resolving eureka endpoints via configuration
2023-08-03 21:24:51 INFO  [springAppName_IS_UNDEFINED,,,] AsyncResolver-bootstrap-executor-0com.netflix.discovery.shared.resolver.aws.ConfigClusterResolver Resolving eureka endpoints via configuration
2023-08-03 21:29:51 INFO  [springAppName_IS_UNDEFINED,,,] AsyncResolver-bootstrap-executor-0com.netflix.discovery.shared.resolver.aws.ConfigClusterResolver Resolving eureka endpoints via configuration
2023-08-03 21:34:51 INFO  [springAppName_IS_UNDEFINED,,,] AsyncResolver-bootstrap-executor-0com.netflix.discovery.shared.resolver.aws.ConfigClusterResolver Resolving eureka endpoints via configuration
2023-08-03 21:39:51 INFO  [springAppName_IS_UNDEFINED,,,] AsyncResolver-bootstrap-executor-0com.netflix.discovery.shared.resolver.aws.ConfigClusterResolver Resolving eureka endpoints via configuration
2023-08-03 21:44:51 INFO  [springAppName_IS_UNDEFINED,,,] AsyncResolver-bootstrap-executor-0com.netflix.discovery.shared.resolver.aws.ConfigClusterResolver Resolving eureka endpoints via configuration
2023-08-03 21:49:51 INFO  [springAppName_IS_UNDEFINED,,,] AsyncResolver-bootstrap-executor-0com.netflix.discovery.shared.resolver.aws.ConfigClusterResolver Resolving eureka endpoints via configuration
2023-08-03 21:54:51 INFO  [springAppName_IS_UNDEFINED,,,] AsyncResolver-bootstrap-executor-0com.netflix.discovery.shared.resolver.aws.ConfigClusterResolver Resolving eureka endpoints via configuration
2023-08-03 21:59:52 INFO  [springAppName_IS_UNDEFINED,,,] AsyncResolver-bootstrap-executor-0com.netflix.discovery.shared.resolver.aws.ConfigClusterResolver Resolving eureka endpoints via configuration
2023-08-03 22:04:52 INFO  [springAppName_IS_UNDEFINED,,,] AsyncResolver-bootstrap-executor-0com.netflix.discovery.shared.resolver.aws.ConfigClusterResolver Resolving eureka endpoints via configuration
2023-08-03 22:09:52 INFO  [springAppName_IS_UNDEFINED,,,] AsyncResolver-bootstrap-executor-0com.netflix.discovery.shared.resolver.aws.ConfigClusterResolver Resolving eureka endpoints via configuration
2023-08-03 22:14:52 INFO  [springAppName_IS_UNDEFINED,,,] AsyncResolver-bootstrap-executor-0com.netflix.discovery.shared.resolver.aws.ConfigClusterResolver Resolving eureka endpoints via configuration
2023-08-03 22:19:52 INFO  [springAppName_IS_UNDEFINED,,,] AsyncResolver-bootstrap-executor-0com.netflix.discovery.shared.resolver.aws.ConfigClusterResolver Resolving eureka endpoints via configuration
2023-08-03 22:24:52 INFO  [springAppName_IS_UNDEFINED,,,] AsyncResolver-bootstrap-executor-0com.netflix.discovery.shared.resolver.aws.ConfigClusterResolver Resolving eureka endpoints via configuration
2023-08-03 22:29:52 INFO  [springAppName_IS_UNDEFINED,,,] AsyncResolver-bootstrap-executor-0com.netflix.discovery.shared.resolver.aws.ConfigClusterResolver Resolving eureka endpoints via configuration
2023-08-03 22:34:52 INFO  [springAppName_IS_UNDEFINED,,,] AsyncResolver-bootstrap-executor-0com.netflix.discovery.shared.resolver.aws.ConfigClusterResolver Resolving eureka endpoints via configuration
2023-08-03 22:39:52 INFO  [springAppName_IS_UNDEFINED,,,] AsyncResolver-bootstrap-executor-0com.netflix.discovery.shared.resolver.aws.ConfigClusterResolver Resolving eureka endpoints via configuration
2023-08-03 22:44:52 INFO  [springAppName_IS_UNDEFINED,,,] AsyncResolver-bootstrap-executor-0com.netflix.discovery.shared.resolver.aws.ConfigClusterResolver Resolving eureka endpoints via configuration
2023-08-03 22:49:52 INFO  [springAppName_IS_UNDEFINED,,,] AsyncResolver-bootstrap-executor-0com.netflix.discovery.shared.resolver.aws.ConfigClusterResolver Resolving eureka endpoints via configuration
2023-08-03 22:54:52 INFO  [springAppName_IS_UNDEFINED,,,] AsyncResolver-bootstrap-executor-0com.netflix.discovery.shared.resolver.aws.ConfigClusterResolver Resolving eureka endpoints via configuration
2023-08-03 22:59:52 INFO  [springAppName_IS_UNDEFINED,,,] AsyncResolver-bootstrap-executor-0com.netflix.discovery.shared.resolver.aws.ConfigClusterResolver Resolving eureka endpoints via configuration
2023-08-03 23:04:52 INFO  [springAppName_IS_UNDEFINED,,,] AsyncResolver-bootstrap-executor-0com.netflix.discovery.shared.resolver.aws.ConfigClusterResolver Resolving eureka endpoints via configuration
2023-08-03 23:09:52 INFO  [springAppName_IS_UNDEFINED,,,] AsyncResolver-bootstrap-executor-0com.netflix.discovery.shared.resolver.aws.ConfigClusterResolver Resolving eureka endpoints via configuration
2023-08-03 23:14:52 INFO  [springAppName_IS_UNDEFINED,,,] AsyncResolver-bootstrap-executor-0com.netflix.discovery.shared.resolver.aws.ConfigClusterResolver Resolving eureka endpoints via configuration
2023-08-03 23:19:52 INFO  [springAppName_IS_UNDEFINED,,,] AsyncResolver-bootstrap-executor-0com.netflix.discovery.shared.resolver.aws.ConfigClusterResolver Resolving eureka endpoints via configuration
2023-08-03 23:24:52 INFO  [springAppName_IS_UNDEFINED,,,] AsyncResolver-bootstrap-executor-0com.netflix.discovery.shared.resolver.aws.ConfigClusterResolver Resolving eureka endpoints via configuration
2023-08-03 23:29:52 INFO  [springAppName_IS_UNDEFINED,,,] AsyncResolver-bootstrap-executor-0com.netflix.discovery.shared.resolver.aws.ConfigClusterResolver Resolving eureka endpoints via configuration
2023-08-03 23:34:52 INFO  [springAppName_IS_UNDEFINED,,,] AsyncResolver-bootstrap-executor-0com.netflix.discovery.shared.resolver.aws.ConfigClusterResolver Resolving eureka endpoints via configuration
2023-08-03 23:39:52 INFO  [springAppName_IS_UNDEFINED,,,] AsyncResolver-bootstrap-executor-0com.netflix.discovery.shared.resolver.aws.ConfigClusterResolver Resolving eureka endpoints via configuration
2023-08-03 23:44:52 INFO  [springAppName_IS_UNDEFINED,,,] AsyncResolver-bootstrap-executor-0com.netflix.discovery.shared.resolver.aws.ConfigClusterResolver Resolving eureka endpoints via configuration
2023-08-03 23:49:52 INFO  [springAppName_IS_UNDEFINED,,,] AsyncResolver-bootstrap-executor-0com.netflix.discovery.shared.resolver.aws.ConfigClusterResolver Resolving eureka endpoints via configuration
2023-08-03 23:54:52 INFO  [springAppName_IS_UNDEFINED,,,] AsyncResolver-bootstrap-executor-0com.netflix.discovery.shared.resolver.aws.ConfigClusterResolver Resolving eureka endpoints via configuration
2023-08-03 23:59:52 INFO  [springAppName_IS_UNDEFINED,,,] AsyncResolver-bootstrap-executor-0com.netflix.discovery.shared.resolver.aws.ConfigClusterResolver Resolving eureka endpoints via configuration
