2023-08-08 00:00:02 INFO  [springAppName_IS_UNDEFINED,,,] AsyncResolver-bootstrap-executor-0com.netflix.discovery.shared.resolver.aws.ConfigClusterResolver Resolving eureka endpoints via configuration
2023-08-08 00:05:02 INFO  [springAppName_IS_UNDEFINED,,,] AsyncResolver-bootstrap-executor-0com.netflix.discovery.shared.resolver.aws.ConfigClusterResolver Resolving eureka endpoints via configuration
2023-08-08 00:10:02 INFO  [springAppName_IS_UNDEFINED,,,] AsyncResolver-bootstrap-executor-0com.netflix.discovery.shared.resolver.aws.ConfigClusterResolver Resolving eureka endpoints via configuration
2023-08-08 00:15:02 INFO  [springAppName_IS_UNDEFINED,,,] AsyncResolver-bootstrap-executor-0com.netflix.discovery.shared.resolver.aws.ConfigClusterResolver Resolving eureka endpoints via configuration
2023-08-08 00:20:02 INFO  [springAppName_IS_UNDEFINED,,,] AsyncResolver-bootstrap-executor-0com.netflix.discovery.shared.resolver.aws.ConfigClusterResolver Resolving eureka endpoints via configuration
2023-08-08 00:25:02 INFO  [springAppName_IS_UNDEFINED,,,] AsyncResolver-bootstrap-executor-0com.netflix.discovery.shared.resolver.aws.ConfigClusterResolver Resolving eureka endpoints via configuration
2023-08-08 00:30:02 INFO  [springAppName_IS_UNDEFINED,,,] AsyncResolver-bootstrap-executor-0com.netflix.discovery.shared.resolver.aws.ConfigClusterResolver Resolving eureka endpoints via configuration
2023-08-08 00:35:02 INFO  [springAppName_IS_UNDEFINED,,,] AsyncResolver-bootstrap-executor-0com.netflix.discovery.shared.resolver.aws.ConfigClusterResolver Resolving eureka endpoints via configuration
2023-08-08 00:40:02 INFO  [springAppName_IS_UNDEFINED,,,] AsyncResolver-bootstrap-executor-0com.netflix.discovery.shared.resolver.aws.ConfigClusterResolver Resolving eureka endpoints via configuration
2023-08-08 00:45:02 INFO  [springAppName_IS_UNDEFINED,,,] AsyncResolver-bootstrap-executor-0com.netflix.discovery.shared.resolver.aws.ConfigClusterResolver Resolving eureka endpoints via configuration
2023-08-08 00:50:02 INFO  [springAppName_IS_UNDEFINED,,,] AsyncResolver-bootstrap-executor-0com.netflix.discovery.shared.resolver.aws.ConfigClusterResolver Resolving eureka endpoints via configuration
2023-08-08 00:55:02 INFO  [springAppName_IS_UNDEFINED,,,] AsyncResolver-bootstrap-executor-0com.netflix.discovery.shared.resolver.aws.ConfigClusterResolver Resolving eureka endpoints via configuration
2023-08-08 01:00:02 INFO  [springAppName_IS_UNDEFINED,,,] AsyncResolver-bootstrap-executor-0com.netflix.discovery.shared.resolver.aws.ConfigClusterResolver Resolving eureka endpoints via configuration
2023-08-08 01:05:02 INFO  [springAppName_IS_UNDEFINED,,,] AsyncResolver-bootstrap-executor-0com.netflix.discovery.shared.resolver.aws.ConfigClusterResolver Resolving eureka endpoints via configuration
2023-08-08 01:10:02 INFO  [springAppName_IS_UNDEFINED,,,] AsyncResolver-bootstrap-executor-0com.netflix.discovery.shared.resolver.aws.ConfigClusterResolver Resolving eureka endpoints via configuration
2023-08-08 01:15:02 INFO  [springAppName_IS_UNDEFINED,,,] AsyncResolver-bootstrap-executor-0com.netflix.discovery.shared.resolver.aws.ConfigClusterResolver Resolving eureka endpoints via configuration
2023-08-08 01:20:02 INFO  [springAppName_IS_UNDEFINED,,,] AsyncResolver-bootstrap-executor-0com.netflix.discovery.shared.resolver.aws.ConfigClusterResolver Resolving eureka endpoints via configuration
2023-08-08 01:25:02 INFO  [springAppName_IS_UNDEFINED,,,] AsyncResolver-bootstrap-executor-0com.netflix.discovery.shared.resolver.aws.ConfigClusterResolver Resolving eureka endpoints via configuration
2023-08-08 01:30:02 INFO  [springAppName_IS_UNDEFINED,,,] AsyncResolver-bootstrap-executor-0com.netflix.discovery.shared.resolver.aws.ConfigClusterResolver Resolving eureka endpoints via configuration
2023-08-08 01:35:02 INFO  [springAppName_IS_UNDEFINED,,,] AsyncResolver-bootstrap-executor-0com.netflix.discovery.shared.resolver.aws.ConfigClusterResolver Resolving eureka endpoints via configuration
2023-08-08 01:40:02 INFO  [springAppName_IS_UNDEFINED,,,] AsyncResolver-bootstrap-executor-0com.netflix.discovery.shared.resolver.aws.ConfigClusterResolver Resolving eureka endpoints via configuration
2023-08-08 01:45:02 INFO  [springAppName_IS_UNDEFINED,,,] AsyncResolver-bootstrap-executor-0com.netflix.discovery.shared.resolver.aws.ConfigClusterResolver Resolving eureka endpoints via configuration
2023-08-08 01:50:02 INFO  [springAppName_IS_UNDEFINED,,,] AsyncResolver-bootstrap-executor-0com.netflix.discovery.shared.resolver.aws.ConfigClusterResolver Resolving eureka endpoints via configuration
2023-08-08 01:55:02 INFO  [springAppName_IS_UNDEFINED,,,] AsyncResolver-bootstrap-executor-0com.netflix.discovery.shared.resolver.aws.ConfigClusterResolver Resolving eureka endpoints via configuration
2023-08-08 02:00:02 INFO  [springAppName_IS_UNDEFINED,,,] AsyncResolver-bootstrap-executor-0com.netflix.discovery.shared.resolver.aws.ConfigClusterResolver Resolving eureka endpoints via configuration
2023-08-08 02:05:02 INFO  [springAppName_IS_UNDEFINED,,,] AsyncResolver-bootstrap-executor-0com.netflix.discovery.shared.resolver.aws.ConfigClusterResolver Resolving eureka endpoints via configuration
2023-08-08 02:10:02 INFO  [springAppName_IS_UNDEFINED,,,] AsyncResolver-bootstrap-executor-0com.netflix.discovery.shared.resolver.aws.ConfigClusterResolver Resolving eureka endpoints via configuration
2023-08-08 02:15:02 INFO  [springAppName_IS_UNDEFINED,,,] AsyncResolver-bootstrap-executor-0com.netflix.discovery.shared.resolver.aws.ConfigClusterResolver Resolving eureka endpoints via configuration
2023-08-08 02:20:02 INFO  [springAppName_IS_UNDEFINED,,,] AsyncResolver-bootstrap-executor-0com.netflix.discovery.shared.resolver.aws.ConfigClusterResolver Resolving eureka endpoints via configuration
2023-08-08 02:25:02 INFO  [springAppName_IS_UNDEFINED,,,] AsyncResolver-bootstrap-executor-0com.netflix.discovery.shared.resolver.aws.ConfigClusterResolver Resolving eureka endpoints via configuration
2023-08-08 02:30:02 INFO  [springAppName_IS_UNDEFINED,,,] AsyncResolver-bootstrap-executor-0com.netflix.discovery.shared.resolver.aws.ConfigClusterResolver Resolving eureka endpoints via configuration
2023-08-08 02:35:02 INFO  [springAppName_IS_UNDEFINED,,,] AsyncResolver-bootstrap-executor-0com.netflix.discovery.shared.resolver.aws.ConfigClusterResolver Resolving eureka endpoints via configuration
2023-08-08 02:40:02 INFO  [springAppName_IS_UNDEFINED,,,] AsyncResolver-bootstrap-executor-0com.netflix.discovery.shared.resolver.aws.ConfigClusterResolver Resolving eureka endpoints via configuration
2023-08-08 02:45:02 INFO  [springAppName_IS_UNDEFINED,,,] AsyncResolver-bootstrap-executor-0com.netflix.discovery.shared.resolver.aws.ConfigClusterResolver Resolving eureka endpoints via configuration
2023-08-08 02:50:02 INFO  [springAppName_IS_UNDEFINED,,,] AsyncResolver-bootstrap-executor-0com.netflix.discovery.shared.resolver.aws.ConfigClusterResolver Resolving eureka endpoints via configuration
2023-08-08 02:55:02 INFO  [springAppName_IS_UNDEFINED,,,] AsyncResolver-bootstrap-executor-0com.netflix.discovery.shared.resolver.aws.ConfigClusterResolver Resolving eureka endpoints via configuration
2023-08-08 03:00:02 INFO  [springAppName_IS_UNDEFINED,,,] AsyncResolver-bootstrap-executor-0com.netflix.discovery.shared.resolver.aws.ConfigClusterResolver Resolving eureka endpoints via configuration
2023-08-08 03:05:02 INFO  [springAppName_IS_UNDEFINED,,,] AsyncResolver-bootstrap-executor-0com.netflix.discovery.shared.resolver.aws.ConfigClusterResolver Resolving eureka endpoints via configuration
2023-08-08 03:10:02 INFO  [springAppName_IS_UNDEFINED,,,] AsyncResolver-bootstrap-executor-0com.netflix.discovery.shared.resolver.aws.ConfigClusterResolver Resolving eureka endpoints via configuration
2023-08-08 03:15:02 INFO  [springAppName_IS_UNDEFINED,,,] AsyncResolver-bootstrap-executor-0com.netflix.discovery.shared.resolver.aws.ConfigClusterResolver Resolving eureka endpoints via configuration
2023-08-08 03:20:02 INFO  [springAppName_IS_UNDEFINED,,,] AsyncResolver-bootstrap-executor-0com.netflix.discovery.shared.resolver.aws.ConfigClusterResolver Resolving eureka endpoints via configuration
2023-08-08 03:25:02 INFO  [springAppName_IS_UNDEFINED,,,] AsyncResolver-bootstrap-executor-0com.netflix.discovery.shared.resolver.aws.ConfigClusterResolver Resolving eureka endpoints via configuration
2023-08-08 03:30:02 INFO  [springAppName_IS_UNDEFINED,,,] AsyncResolver-bootstrap-executor-0com.netflix.discovery.shared.resolver.aws.ConfigClusterResolver Resolving eureka endpoints via configuration
2023-08-08 03:35:02 INFO  [springAppName_IS_UNDEFINED,,,] AsyncResolver-bootstrap-executor-0com.netflix.discovery.shared.resolver.aws.ConfigClusterResolver Resolving eureka endpoints via configuration
2023-08-08 03:40:02 INFO  [springAppName_IS_UNDEFINED,,,] AsyncResolver-bootstrap-executor-0com.netflix.discovery.shared.resolver.aws.ConfigClusterResolver Resolving eureka endpoints via configuration
2023-08-08 03:45:02 INFO  [springAppName_IS_UNDEFINED,,,] AsyncResolver-bootstrap-executor-0com.netflix.discovery.shared.resolver.aws.ConfigClusterResolver Resolving eureka endpoints via configuration
2023-08-08 03:50:02 INFO  [springAppName_IS_UNDEFINED,,,] AsyncResolver-bootstrap-executor-0com.netflix.discovery.shared.resolver.aws.ConfigClusterResolver Resolving eureka endpoints via configuration
2023-08-08 03:55:02 INFO  [springAppName_IS_UNDEFINED,,,] AsyncResolver-bootstrap-executor-0com.netflix.discovery.shared.resolver.aws.ConfigClusterResolver Resolving eureka endpoints via configuration
2023-08-08 04:00:02 INFO  [springAppName_IS_UNDEFINED,,,] AsyncResolver-bootstrap-executor-0com.netflix.discovery.shared.resolver.aws.ConfigClusterResolver Resolving eureka endpoints via configuration
2023-08-08 04:05:02 INFO  [springAppName_IS_UNDEFINED,,,] AsyncResolver-bootstrap-executor-0com.netflix.discovery.shared.resolver.aws.ConfigClusterResolver Resolving eureka endpoints via configuration
2023-08-08 04:10:03 INFO  [springAppName_IS_UNDEFINED,,,] AsyncResolver-bootstrap-executor-0com.netflix.discovery.shared.resolver.aws.ConfigClusterResolver Resolving eureka endpoints via configuration
2023-08-08 04:15:03 INFO  [springAppName_IS_UNDEFINED,,,] AsyncResolver-bootstrap-executor-0com.netflix.discovery.shared.resolver.aws.ConfigClusterResolver Resolving eureka endpoints via configuration
2023-08-08 04:20:03 INFO  [springAppName_IS_UNDEFINED,,,] AsyncResolver-bootstrap-executor-0com.netflix.discovery.shared.resolver.aws.ConfigClusterResolver Resolving eureka endpoints via configuration
2023-08-08 04:25:03 INFO  [springAppName_IS_UNDEFINED,,,] AsyncResolver-bootstrap-executor-0com.netflix.discovery.shared.resolver.aws.ConfigClusterResolver Resolving eureka endpoints via configuration
2023-08-08 04:30:03 INFO  [springAppName_IS_UNDEFINED,,,] AsyncResolver-bootstrap-executor-0com.netflix.discovery.shared.resolver.aws.ConfigClusterResolver Resolving eureka endpoints via configuration
2023-08-08 04:35:03 INFO  [springAppName_IS_UNDEFINED,,,] AsyncResolver-bootstrap-executor-0com.netflix.discovery.shared.resolver.aws.ConfigClusterResolver Resolving eureka endpoints via configuration
2023-08-08 04:40:03 INFO  [springAppName_IS_UNDEFINED,,,] AsyncResolver-bootstrap-executor-0com.netflix.discovery.shared.resolver.aws.ConfigClusterResolver Resolving eureka endpoints via configuration
2023-08-08 04:45:03 INFO  [springAppName_IS_UNDEFINED,,,] AsyncResolver-bootstrap-executor-0com.netflix.discovery.shared.resolver.aws.ConfigClusterResolver Resolving eureka endpoints via configuration
2023-08-08 04:50:03 INFO  [springAppName_IS_UNDEFINED,,,] AsyncResolver-bootstrap-executor-0com.netflix.discovery.shared.resolver.aws.ConfigClusterResolver Resolving eureka endpoints via configuration
2023-08-08 04:55:03 INFO  [springAppName_IS_UNDEFINED,,,] AsyncResolver-bootstrap-executor-0com.netflix.discovery.shared.resolver.aws.ConfigClusterResolver Resolving eureka endpoints via configuration
2023-08-08 05:00:03 INFO  [springAppName_IS_UNDEFINED,,,] AsyncResolver-bootstrap-executor-0com.netflix.discovery.shared.resolver.aws.ConfigClusterResolver Resolving eureka endpoints via configuration
2023-08-08 05:05:03 INFO  [springAppName_IS_UNDEFINED,,,] AsyncResolver-bootstrap-executor-0com.netflix.discovery.shared.resolver.aws.ConfigClusterResolver Resolving eureka endpoints via configuration
2023-08-08 05:10:03 INFO  [springAppName_IS_UNDEFINED,,,] AsyncResolver-bootstrap-executor-0com.netflix.discovery.shared.resolver.aws.ConfigClusterResolver Resolving eureka endpoints via configuration
2023-08-08 05:15:03 INFO  [springAppName_IS_UNDEFINED,,,] AsyncResolver-bootstrap-executor-0com.netflix.discovery.shared.resolver.aws.ConfigClusterResolver Resolving eureka endpoints via configuration
2023-08-08 05:20:03 INFO  [springAppName_IS_UNDEFINED,,,] AsyncResolver-bootstrap-executor-0com.netflix.discovery.shared.resolver.aws.ConfigClusterResolver Resolving eureka endpoints via configuration
2023-08-08 05:25:03 INFO  [springAppName_IS_UNDEFINED,,,] AsyncResolver-bootstrap-executor-0com.netflix.discovery.shared.resolver.aws.ConfigClusterResolver Resolving eureka endpoints via configuration
2023-08-08 05:30:03 INFO  [springAppName_IS_UNDEFINED,,,] AsyncResolver-bootstrap-executor-0com.netflix.discovery.shared.resolver.aws.ConfigClusterResolver Resolving eureka endpoints via configuration
2023-08-08 05:35:03 INFO  [springAppName_IS_UNDEFINED,,,] AsyncResolver-bootstrap-executor-0com.netflix.discovery.shared.resolver.aws.ConfigClusterResolver Resolving eureka endpoints via configuration
2023-08-08 05:40:03 INFO  [springAppName_IS_UNDEFINED,,,] AsyncResolver-bootstrap-executor-0com.netflix.discovery.shared.resolver.aws.ConfigClusterResolver Resolving eureka endpoints via configuration
2023-08-08 05:45:03 INFO  [springAppName_IS_UNDEFINED,,,] AsyncResolver-bootstrap-executor-0com.netflix.discovery.shared.resolver.aws.ConfigClusterResolver Resolving eureka endpoints via configuration
2023-08-08 05:50:03 INFO  [springAppName_IS_UNDEFINED,,,] AsyncResolver-bootstrap-executor-0com.netflix.discovery.shared.resolver.aws.ConfigClusterResolver Resolving eureka endpoints via configuration
2023-08-08 05:55:03 INFO  [springAppName_IS_UNDEFINED,,,] AsyncResolver-bootstrap-executor-0com.netflix.discovery.shared.resolver.aws.ConfigClusterResolver Resolving eureka endpoints via configuration
2023-08-08 06:00:03 INFO  [springAppName_IS_UNDEFINED,,,] AsyncResolver-bootstrap-executor-0com.netflix.discovery.shared.resolver.aws.ConfigClusterResolver Resolving eureka endpoints via configuration
2023-08-08 06:05:03 INFO  [springAppName_IS_UNDEFINED,,,] AsyncResolver-bootstrap-executor-0com.netflix.discovery.shared.resolver.aws.ConfigClusterResolver Resolving eureka endpoints via configuration
2023-08-08 06:10:03 INFO  [springAppName_IS_UNDEFINED,,,] AsyncResolver-bootstrap-executor-0com.netflix.discovery.shared.resolver.aws.ConfigClusterResolver Resolving eureka endpoints via configuration
2023-08-08 06:15:03 INFO  [springAppName_IS_UNDEFINED,,,] AsyncResolver-bootstrap-executor-0com.netflix.discovery.shared.resolver.aws.ConfigClusterResolver Resolving eureka endpoints via configuration
2023-08-08 06:20:03 INFO  [springAppName_IS_UNDEFINED,,,] AsyncResolver-bootstrap-executor-0com.netflix.discovery.shared.resolver.aws.ConfigClusterResolver Resolving eureka endpoints via configuration
2023-08-08 06:25:03 INFO  [springAppName_IS_UNDEFINED,,,] AsyncResolver-bootstrap-executor-0com.netflix.discovery.shared.resolver.aws.ConfigClusterResolver Resolving eureka endpoints via configuration
2023-08-08 06:30:03 INFO  [springAppName_IS_UNDEFINED,,,] AsyncResolver-bootstrap-executor-0com.netflix.discovery.shared.resolver.aws.ConfigClusterResolver Resolving eureka endpoints via configuration
2023-08-08 06:35:03 INFO  [springAppName_IS_UNDEFINED,,,] AsyncResolver-bootstrap-executor-0com.netflix.discovery.shared.resolver.aws.ConfigClusterResolver Resolving eureka endpoints via configuration
2023-08-08 06:40:03 INFO  [springAppName_IS_UNDEFINED,,,] AsyncResolver-bootstrap-executor-0com.netflix.discovery.shared.resolver.aws.ConfigClusterResolver Resolving eureka endpoints via configuration
2023-08-08 06:45:03 INFO  [springAppName_IS_UNDEFINED,,,] AsyncResolver-bootstrap-executor-0com.netflix.discovery.shared.resolver.aws.ConfigClusterResolver Resolving eureka endpoints via configuration
2023-08-08 06:50:03 INFO  [springAppName_IS_UNDEFINED,,,] AsyncResolver-bootstrap-executor-0com.netflix.discovery.shared.resolver.aws.ConfigClusterResolver Resolving eureka endpoints via configuration
2023-08-08 06:55:03 INFO  [springAppName_IS_UNDEFINED,,,] AsyncResolver-bootstrap-executor-0com.netflix.discovery.shared.resolver.aws.ConfigClusterResolver Resolving eureka endpoints via configuration
2023-08-08 07:00:03 INFO  [springAppName_IS_UNDEFINED,,,] AsyncResolver-bootstrap-executor-0com.netflix.discovery.shared.resolver.aws.ConfigClusterResolver Resolving eureka endpoints via configuration
2023-08-08 07:05:03 INFO  [springAppName_IS_UNDEFINED,,,] AsyncResolver-bootstrap-executor-0com.netflix.discovery.shared.resolver.aws.ConfigClusterResolver Resolving eureka endpoints via configuration
2023-08-08 07:10:03 INFO  [springAppName_IS_UNDEFINED,,,] AsyncResolver-bootstrap-executor-0com.netflix.discovery.shared.resolver.aws.ConfigClusterResolver Resolving eureka endpoints via configuration
2023-08-08 07:15:03 INFO  [springAppName_IS_UNDEFINED,,,] AsyncResolver-bootstrap-executor-0com.netflix.discovery.shared.resolver.aws.ConfigClusterResolver Resolving eureka endpoints via configuration
2023-08-08 07:20:03 INFO  [springAppName_IS_UNDEFINED,,,] AsyncResolver-bootstrap-executor-0com.netflix.discovery.shared.resolver.aws.ConfigClusterResolver Resolving eureka endpoints via configuration
2023-08-08 07:25:03 INFO  [springAppName_IS_UNDEFINED,,,] AsyncResolver-bootstrap-executor-0com.netflix.discovery.shared.resolver.aws.ConfigClusterResolver Resolving eureka endpoints via configuration
2023-08-08 07:30:03 INFO  [springAppName_IS_UNDEFINED,,,] AsyncResolver-bootstrap-executor-0com.netflix.discovery.shared.resolver.aws.ConfigClusterResolver Resolving eureka endpoints via configuration
2023-08-08 07:35:03 INFO  [springAppName_IS_UNDEFINED,,,] AsyncResolver-bootstrap-executor-0com.netflix.discovery.shared.resolver.aws.ConfigClusterResolver Resolving eureka endpoints via configuration
2023-08-08 07:40:03 INFO  [springAppName_IS_UNDEFINED,,,] AsyncResolver-bootstrap-executor-0com.netflix.discovery.shared.resolver.aws.ConfigClusterResolver Resolving eureka endpoints via configuration
2023-08-08 07:45:03 INFO  [springAppName_IS_UNDEFINED,,,] AsyncResolver-bootstrap-executor-0com.netflix.discovery.shared.resolver.aws.ConfigClusterResolver Resolving eureka endpoints via configuration
2023-08-08 07:50:03 INFO  [springAppName_IS_UNDEFINED,,,] AsyncResolver-bootstrap-executor-0com.netflix.discovery.shared.resolver.aws.ConfigClusterResolver Resolving eureka endpoints via configuration
2023-08-08 07:55:03 INFO  [springAppName_IS_UNDEFINED,,,] AsyncResolver-bootstrap-executor-0com.netflix.discovery.shared.resolver.aws.ConfigClusterResolver Resolving eureka endpoints via configuration
2023-08-08 08:00:03 INFO  [springAppName_IS_UNDEFINED,,,] AsyncResolver-bootstrap-executor-0com.netflix.discovery.shared.resolver.aws.ConfigClusterResolver Resolving eureka endpoints via configuration
2023-08-08 08:05:03 INFO  [springAppName_IS_UNDEFINED,,,] AsyncResolver-bootstrap-executor-0com.netflix.discovery.shared.resolver.aws.ConfigClusterResolver Resolving eureka endpoints via configuration
2023-08-08 08:10:03 INFO  [springAppName_IS_UNDEFINED,,,] AsyncResolver-bootstrap-executor-0com.netflix.discovery.shared.resolver.aws.ConfigClusterResolver Resolving eureka endpoints via configuration
2023-08-08 08:15:03 INFO  [springAppName_IS_UNDEFINED,,,] AsyncResolver-bootstrap-executor-0com.netflix.discovery.shared.resolver.aws.ConfigClusterResolver Resolving eureka endpoints via configuration
2023-08-08 08:20:03 INFO  [springAppName_IS_UNDEFINED,,,] AsyncResolver-bootstrap-executor-0com.netflix.discovery.shared.resolver.aws.ConfigClusterResolver Resolving eureka endpoints via configuration
2023-08-08 08:25:03 INFO  [springAppName_IS_UNDEFINED,,,] AsyncResolver-bootstrap-executor-0com.netflix.discovery.shared.resolver.aws.ConfigClusterResolver Resolving eureka endpoints via configuration
2023-08-08 08:30:03 INFO  [springAppName_IS_UNDEFINED,,,] AsyncResolver-bootstrap-executor-0com.netflix.discovery.shared.resolver.aws.ConfigClusterResolver Resolving eureka endpoints via configuration
2023-08-08 08:35:03 INFO  [springAppName_IS_UNDEFINED,,,] AsyncResolver-bootstrap-executor-0com.netflix.discovery.shared.resolver.aws.ConfigClusterResolver Resolving eureka endpoints via configuration
2023-08-08 08:40:03 INFO  [springAppName_IS_UNDEFINED,,,] AsyncResolver-bootstrap-executor-0com.netflix.discovery.shared.resolver.aws.ConfigClusterResolver Resolving eureka endpoints via configuration
2023-08-08 08:45:03 INFO  [springAppName_IS_UNDEFINED,,,] AsyncResolver-bootstrap-executor-0com.netflix.discovery.shared.resolver.aws.ConfigClusterResolver Resolving eureka endpoints via configuration
2023-08-08 08:50:03 INFO  [springAppName_IS_UNDEFINED,,,] AsyncResolver-bootstrap-executor-0com.netflix.discovery.shared.resolver.aws.ConfigClusterResolver Resolving eureka endpoints via configuration
2023-08-08 08:55:03 INFO  [springAppName_IS_UNDEFINED,,,] AsyncResolver-bootstrap-executor-0com.netflix.discovery.shared.resolver.aws.ConfigClusterResolver Resolving eureka endpoints via configuration
2023-08-08 09:00:03 INFO  [springAppName_IS_UNDEFINED,,,] AsyncResolver-bootstrap-executor-0com.netflix.discovery.shared.resolver.aws.ConfigClusterResolver Resolving eureka endpoints via configuration
2023-08-08 09:05:03 INFO  [springAppName_IS_UNDEFINED,,,] AsyncResolver-bootstrap-executor-0com.netflix.discovery.shared.resolver.aws.ConfigClusterResolver Resolving eureka endpoints via configuration
2023-08-08 09:10:03 INFO  [springAppName_IS_UNDEFINED,,,] AsyncResolver-bootstrap-executor-0com.netflix.discovery.shared.resolver.aws.ConfigClusterResolver Resolving eureka endpoints via configuration
2023-08-08 09:15:03 INFO  [springAppName_IS_UNDEFINED,,,] AsyncResolver-bootstrap-executor-0com.netflix.discovery.shared.resolver.aws.ConfigClusterResolver Resolving eureka endpoints via configuration
2023-08-08 09:20:03 INFO  [springAppName_IS_UNDEFINED,,,] AsyncResolver-bootstrap-executor-0com.netflix.discovery.shared.resolver.aws.ConfigClusterResolver Resolving eureka endpoints via configuration
2023-08-08 09:25:03 INFO  [springAppName_IS_UNDEFINED,,,] AsyncResolver-bootstrap-executor-0com.netflix.discovery.shared.resolver.aws.ConfigClusterResolver Resolving eureka endpoints via configuration
2023-08-08 09:30:03 INFO  [springAppName_IS_UNDEFINED,,,] AsyncResolver-bootstrap-executor-0com.netflix.discovery.shared.resolver.aws.ConfigClusterResolver Resolving eureka endpoints via configuration
2023-08-08 09:35:03 INFO  [springAppName_IS_UNDEFINED,,,] AsyncResolver-bootstrap-executor-0com.netflix.discovery.shared.resolver.aws.ConfigClusterResolver Resolving eureka endpoints via configuration
2023-08-08 09:40:03 INFO  [springAppName_IS_UNDEFINED,,,] AsyncResolver-bootstrap-executor-0com.netflix.discovery.shared.resolver.aws.ConfigClusterResolver Resolving eureka endpoints via configuration
2023-08-08 09:45:03 INFO  [springAppName_IS_UNDEFINED,,,] AsyncResolver-bootstrap-executor-0com.netflix.discovery.shared.resolver.aws.ConfigClusterResolver Resolving eureka endpoints via configuration
2023-08-08 09:50:03 INFO  [springAppName_IS_UNDEFINED,,,] AsyncResolver-bootstrap-executor-0com.netflix.discovery.shared.resolver.aws.ConfigClusterResolver Resolving eureka endpoints via configuration
2023-08-08 09:55:03 INFO  [springAppName_IS_UNDEFINED,,,] AsyncResolver-bootstrap-executor-0com.netflix.discovery.shared.resolver.aws.ConfigClusterResolver Resolving eureka endpoints via configuration
2023-08-08 10:00:03 INFO  [springAppName_IS_UNDEFINED,,,] AsyncResolver-bootstrap-executor-0com.netflix.discovery.shared.resolver.aws.ConfigClusterResolver Resolving eureka endpoints via configuration
2023-08-08 10:05:03 INFO  [springAppName_IS_UNDEFINED,,,] AsyncResolver-bootstrap-executor-0com.netflix.discovery.shared.resolver.aws.ConfigClusterResolver Resolving eureka endpoints via configuration
2023-08-08 10:10:03 INFO  [springAppName_IS_UNDEFINED,,,] AsyncResolver-bootstrap-executor-0com.netflix.discovery.shared.resolver.aws.ConfigClusterResolver Resolving eureka endpoints via configuration
2023-08-08 10:15:03 INFO  [springAppName_IS_UNDEFINED,,,] AsyncResolver-bootstrap-executor-0com.netflix.discovery.shared.resolver.aws.ConfigClusterResolver Resolving eureka endpoints via configuration
2023-08-08 10:18:55 INFO  [springAppName_IS_UNDEFINED,,,] mainorg.springframework.context.support.PostProcessorRegistrationDelegate$BeanPostProcessorChecker Bean 'org.springframework.cloud.autoconfigure.ConfigurationPropertiesRebinderAutoConfiguration' of type [org.springframework.cloud.autoconfigure.ConfigurationPropertiesRebinderAutoConfiguration] is not eligible for getting processed by all BeanPostProcessors (for example: not eligible for auto-proxying)
2023-08-08 10:18:56 INFO  [Hlb-Server-System,,,] maincom.hlb.server.system.HlbServerSystemApplication No active profile set, falling back to default profiles: default
2023-08-08 10:18:57 INFO  [Hlb-Server-System,,,] mainorg.springframework.cloud.context.scope.GenericScope BeanFactory id=465c226c-cf17-3ec2-bfbb-e252581d147b
2023-08-08 10:18:58 INFO  [Hlb-Server-System,,,] mainorg.springframework.context.support.PostProcessorRegistrationDelegate$BeanPostProcessorChecker Bean 'spring.datasource.dynamic-com.baomidou.dynamic.datasource.spring.boot.autoconfigure.DynamicDataSourceProperties' of type [com.baomidou.dynamic.datasource.spring.boot.autoconfigure.DynamicDataSourceProperties] is not eligible for getting processed by all BeanPostProcessors (for example: not eligible for auto-proxying)
2023-08-08 10:18:58 INFO  [Hlb-Server-System,,,] mainorg.springframework.context.support.PostProcessorRegistrationDelegate$BeanPostProcessorChecker Bean 'com.baomidou.dynamic.datasource.spring.boot.autoconfigure.DynamicDataSourceAutoConfiguration' of type [com.baomidou.dynamic.datasource.spring.boot.autoconfigure.DynamicDataSourceAutoConfiguration$$EnhancerBySpringCGLIB$$c449ccca] is not eligible for getting processed by all BeanPostProcessors (for example: not eligible for auto-proxying)
2023-08-08 10:18:58 INFO  [Hlb-Server-System,,,] mainorg.springframework.context.support.PostProcessorRegistrationDelegate$BeanPostProcessorChecker Bean 'dsProcessor' of type [com.baomidou.dynamic.datasource.processor.DsHeaderProcessor] is not eligible for getting processed by all BeanPostProcessors (for example: not eligible for auto-proxying)
2023-08-08 10:18:58 INFO  [Hlb-Server-System,,,] mainorg.springframework.context.support.PostProcessorRegistrationDelegate$BeanPostProcessorChecker Bean 'dynamicDatasourceAnnotationAdvisor' of type [com.baomidou.dynamic.datasource.aop.DynamicDataSourceAnnotationAdvisor] is not eligible for getting processed by all BeanPostProcessors (for example: not eligible for auto-proxying)
2023-08-08 10:18:58 INFO  [Hlb-Server-System,,,] mainorg.springframework.context.support.PostProcessorRegistrationDelegate$BeanPostProcessorChecker Bean 'org.springframework.security.config.annotation.configuration.ObjectPostProcessorConfiguration' of type [org.springframework.security.config.annotation.configuration.ObjectPostProcessorConfiguration] is not eligible for getting processed by all BeanPostProcessors (for example: not eligible for auto-proxying)
2023-08-08 10:18:58 INFO  [Hlb-Server-System,,,] mainorg.springframework.context.support.PostProcessorRegistrationDelegate$BeanPostProcessorChecker Bean 'objectPostProcessor' of type [org.springframework.security.config.annotation.configuration.AutowireBeanFactoryObjectPostProcessor] is not eligible for getting processed by all BeanPostProcessors (for example: not eligible for auto-proxying)
2023-08-08 10:18:58 INFO  [Hlb-Server-System,,,] mainorg.springframework.context.support.PostProcessorRegistrationDelegate$BeanPostProcessorChecker Bean 'org.springframework.security.access.expression.method.DefaultMethodSecurityExpressionHandler@8b13d91' of type [org.springframework.security.oauth2.provider.expression.OAuth2MethodSecurityExpressionHandler] is not eligible for getting processed by all BeanPostProcessors (for example: not eligible for auto-proxying)
2023-08-08 10:18:58 INFO  [Hlb-Server-System,,,] mainorg.springframework.context.support.PostProcessorRegistrationDelegate$BeanPostProcessorChecker Bean 'org.springframework.security.config.annotation.method.configuration.GlobalMethodSecurityConfiguration' of type [org.springframework.security.config.annotation.method.configuration.GlobalMethodSecurityConfiguration] is not eligible for getting processed by all BeanPostProcessors (for example: not eligible for auto-proxying)
2023-08-08 10:18:58 INFO  [Hlb-Server-System,,,] mainorg.springframework.context.support.PostProcessorRegistrationDelegate$BeanPostProcessorChecker Bean 'methodSecurityMetadataSource' of type [org.springframework.security.access.method.DelegatingMethodSecurityMetadataSource] is not eligible for getting processed by all BeanPostProcessors (for example: not eligible for auto-proxying)
2023-08-08 10:18:58 INFO  [Hlb-Server-System,,,] mainorg.springframework.context.support.PostProcessorRegistrationDelegate$BeanPostProcessorChecker Bean 'org.springframework.transaction.annotation.ProxyTransactionManagementConfiguration' of type [org.springframework.transaction.annotation.ProxyTransactionManagementConfiguration] is not eligible for getting processed by all BeanPostProcessors (for example: not eligible for auto-proxying)
2023-08-08 10:18:58 INFO  [Hlb-Server-System,,,] mainorg.springframework.context.support.PostProcessorRegistrationDelegate$BeanPostProcessorChecker Bean 'org.springframework.cloud.autoconfigure.ConfigurationPropertiesRebinderAutoConfiguration' of type [org.springframework.cloud.autoconfigure.ConfigurationPropertiesRebinderAutoConfiguration] is not eligible for getting processed by all BeanPostProcessors (for example: not eligible for auto-proxying)
2023-08-08 10:18:58 INFO  [Hlb-Server-System,,,] mainorg.springframework.context.support.PostProcessorRegistrationDelegate$BeanPostProcessorChecker Bean 'org.springframework.cloud.sleuth.instrument.web.client.TraceWebClientAutoConfiguration$TraceOAuthConfiguration' of type [org.springframework.cloud.sleuth.instrument.web.client.TraceWebClientAutoConfiguration$TraceOAuthConfiguration] is not eligible for getting processed by all BeanPostProcessors (for example: not eligible for auto-proxying)
2023-08-08 10:18:58 INFO  [Hlb-Server-System,,,] mainorg.springframework.boot.web.embedded.tomcat.TomcatWebServer Tomcat initialized with port(s): 8201 (http)
2023-08-08 10:18:58 INFO  [Hlb-Server-System,,,] mainorg.apache.coyote.http11.Http11NioProtocol Initializing ProtocolHandler ["http-nio-8201"]
2023-08-08 10:18:58 INFO  [Hlb-Server-System,,,] mainorg.apache.catalina.core.StandardService Starting service [Tomcat]
2023-08-08 10:18:58 INFO  [Hlb-Server-System,,,] mainorg.apache.catalina.core.StandardEngine Starting Servlet engine: [Apache Tomcat/9.0.27]
2023-08-08 10:18:58 INFO  [Hlb-Server-System,,,] mainorg.apache.catalina.core.ContainerBase.[Tomcat].[localhost].[/] Initializing Spring embedded WebApplicationContext
2023-08-08 10:18:58 INFO  [Hlb-Server-System,,,] mainorg.springframework.web.context.ContextLoader Root WebApplicationContext: initialization completed in 2141 ms
2023-08-08 10:18:58 INFO  [Hlb-Server-System,,,] maincom.netflix.config.sources.URLConfigurationSource To enable URLs as dynamic configuration sources, define System property archaius.configurationSource.additionalUrls or make config.properties available on classpath.
2023-08-08 10:18:58 INFO  [Hlb-Server-System,,,] maincom.netflix.config.DynamicPropertyFactory DynamicPropertyFactory is initialized with configuration sources: com.netflix.config.ConcurrentCompositeConfiguration@2296127
2023-08-08 10:18:59 INFO  [Hlb-Server-System,,,] maincom.baomidou.dynamic.datasource.DynamicRoutingDataSource 动态数据源-检测到并开启了p6spy
2023-08-08 10:18:59 INFO  [Hlb-Server-System,,,] maincom.zaxxer.hikari.HikariDataSource base - Starting...
2023-08-08 10:18:59 INFO  [Hlb-Server-System,,,] maincom.zaxxer.hikari.HikariDataSource base - Start completed.
2023-08-08 10:18:59 INFO  [Hlb-Server-System,,,] maincom.baomidou.dynamic.datasource.DynamicRoutingDataSource 初始共加载 1 个数据源
2023-08-08 10:18:59 INFO  [Hlb-Server-System,,,] maincom.baomidou.dynamic.datasource.DynamicRoutingDataSource 动态数据源-加载 base 成功
2023-08-08 10:18:59 INFO  [Hlb-Server-System,,,] maincom.baomidou.dynamic.datasource.DynamicRoutingDataSource 当前的默认数据源是单数据源，数据源名为 base
2023-08-08 10:19:00 INFO  [Hlb-Server-System,,,] mainorg.springframework.cloud.commons.util.InetUtils Cannot determine local hostname
2023-08-08 10:19:00 INFO  [Hlb-Server-System,,,] mainorg.springframework.boot.actuate.endpoint.web.ServletEndpointRegistrar Registered '/actuator/jolokia' to jolokia-actuator-endpoint
2023-08-08 10:19:01 INFO  [Hlb-Server-System,,,] mainorg.springframework.boot.actuate.endpoint.web.EndpointLinksResolver Exposing 18 endpoint(s) beneath base path '/actuator'
2023-08-08 10:19:01 INFO  [Hlb-Server-System,,,] mainspringfox.documentation.spring.web.PropertySourcedRequestMappingHandlerMapping Mapped URL path [/v2/api-docs] onto method [springfox.documentation.swagger2.web.Swagger2Controller#getDocumentation(String, HttpServletRequest)]
2023-08-08 10:19:01 INFO  [Hlb-Server-System,,,] maincom.netflix.config.sources.URLConfigurationSource To enable URLs as dynamic configuration sources, define System property archaius.configurationSource.additionalUrls or make config.properties available on classpath.
2023-08-08 10:19:02 INFO  [Hlb-Server-System,,,] mainorg.springframework.scheduling.concurrent.ThreadPoolTaskExecutor Initializing ExecutorService 'applicationTaskExecutor'
2023-08-08 10:19:02 INFO  [Hlb-Server-System,,,] mainorg.springframework.scheduling.concurrent.ThreadPoolTaskScheduler Initializing ExecutorService
2023-08-08 10:19:02 INFO  [Hlb-Server-System,,,] mainorg.springframework.boot.autoconfigure.security.servlet.UserDetailsServiceAutoConfiguration 

Using generated security password: 6bb58666-3d94-4098-9f9c-fee0e135a4cf

2023-08-08 10:19:02 INFO  [Hlb-Server-System,,,] mainorg.springframework.security.web.DefaultSecurityFilterChain Creating filter chain: OrRequestMatcher [requestMatchers=[Ant [pattern='/**']]], [org.springframework.security.web.context.request.async.WebAsyncManagerIntegrationFilter@2fbd47b7, org.springframework.security.web.context.SecurityContextPersistenceFilter@3d763ae5, org.springframework.security.web.header.HeaderWriterFilter@1185b0b7, org.springframework.security.web.authentication.logout.LogoutFilter@3872867d, org.springframework.security.oauth2.provider.authentication.OAuth2AuthenticationProcessingFilter@47393345, org.springframework.security.web.savedrequest.RequestCacheAwareFilter@7940b729, org.springframework.security.web.servletapi.SecurityContextHolderAwareRequestFilter@10abd94f, org.springframework.security.web.authentication.AnonymousAuthenticationFilter@2ecd2aa4, org.springframework.security.web.session.SessionManagementFilter@4244e477, org.springframework.security.web.access.ExceptionTranslationFilter@2daf0cc9, org.springframework.security.web.access.intercept.FilterSecurityInterceptor@734a2c17]
2023-08-08 10:19:03 INFO  [Hlb-Server-System,,,] mainorg.springframework.cloud.commons.util.InetUtils Cannot determine local hostname
2023-08-08 10:19:05 INFO  [Hlb-Server-System,,,] mainorg.springframework.cloud.commons.util.InetUtils Cannot determine local hostname
2023-08-08 10:19:05 INFO  [Hlb-Server-System,,,] mainorg.springframework.cloud.netflix.eureka.InstanceInfoFactory Setting initial instance status as: STARTING
2023-08-08 10:19:05 INFO  [Hlb-Server-System,,,] maincom.netflix.discovery.DiscoveryClient Initializing Eureka in region us-east-1
2023-08-08 10:19:05 INFO  [Hlb-Server-System,,,] maincom.netflix.discovery.provider.DiscoveryJerseyProvider Using JSON encoding codec LegacyJacksonJson
2023-08-08 10:19:05 INFO  [Hlb-Server-System,,,] maincom.netflix.discovery.provider.DiscoveryJerseyProvider Using JSON decoding codec LegacyJacksonJson
2023-08-08 10:19:05 INFO  [Hlb-Server-System,,,] maincom.netflix.discovery.provider.DiscoveryJerseyProvider Using XML encoding codec XStreamXml
2023-08-08 10:19:05 INFO  [Hlb-Server-System,,,] maincom.netflix.discovery.provider.DiscoveryJerseyProvider Using XML decoding codec XStreamXml
2023-08-08 10:19:05 INFO  [Hlb-Server-System,,,] maincom.netflix.discovery.shared.resolver.aws.ConfigClusterResolver Resolving eureka endpoints via configuration
2023-08-08 10:19:05 INFO  [Hlb-Server-System,,,] maincom.netflix.discovery.DiscoveryClient Disable delta property : false
2023-08-08 10:19:05 INFO  [Hlb-Server-System,,,] maincom.netflix.discovery.DiscoveryClient Single vip registry refresh property : null
2023-08-08 10:19:05 INFO  [Hlb-Server-System,,,] maincom.netflix.discovery.DiscoveryClient Force full registry fetch : false
2023-08-08 10:19:05 INFO  [Hlb-Server-System,,,] maincom.netflix.discovery.DiscoveryClient Application is null : false
2023-08-08 10:19:05 INFO  [Hlb-Server-System,,,] maincom.netflix.discovery.DiscoveryClient Registered Applications size is zero : true
2023-08-08 10:19:05 INFO  [Hlb-Server-System,,,] maincom.netflix.discovery.DiscoveryClient Application version is -1: true
2023-08-08 10:19:05 INFO  [Hlb-Server-System,,,] maincom.netflix.discovery.DiscoveryClient Getting all instance registry info from the eureka server
2023-08-08 10:19:05 INFO  [Hlb-Server-System,,,] maincom.netflix.discovery.DiscoveryClient The response status is 200
2023-08-08 10:19:05 INFO  [Hlb-Server-System,,,] maincom.netflix.discovery.DiscoveryClient Starting heartbeat executor: renew interval is: 20
2023-08-08 10:19:05 INFO  [Hlb-Server-System,,,] maincom.netflix.discovery.InstanceInfoReplicator InstanceInfoReplicator onDemand update allowed rate per min is 4
2023-08-08 10:19:05 INFO  [Hlb-Server-System,,,] maincom.netflix.discovery.DiscoveryClient Discovery Client initialized at timestamp 1691461145878 with initial instances count: 2
2023-08-08 10:19:05 INFO  [Hlb-Server-System,,,] mainorg.springframework.cloud.netflix.eureka.serviceregistry.EurekaServiceRegistry Registering application HLB-SERVER-SYSTEM with eureka with status UP
2023-08-08 10:19:05 INFO  [Hlb-Server-System,,,] maincom.netflix.discovery.DiscoveryClient Saw local status change event StatusChangeEvent [timestamp=1691461145885, current=UP, previous=STARTING]
2023-08-08 10:19:05 INFO  [Hlb-Server-System,,,] DiscoveryClient-InstanceInfoReplicator-0com.netflix.discovery.DiscoveryClient DiscoveryClient_HLB-SERVER-SYSTEM/localhost:Hlb-Server-System:8201: registering service...
2023-08-08 10:19:05 INFO  [Hlb-Server-System,,,] mainspringfox.documentation.spring.web.plugins.DocumentationPluginsBootstrapper Context refreshed
2023-08-08 10:19:05 INFO  [Hlb-Server-System,,,] mainspringfox.documentation.spring.web.plugins.DocumentationPluginsBootstrapper Found 1 custom documentation plugin(s)
2023-08-08 10:19:05 INFO  [Hlb-Server-System,,,] DiscoveryClient-InstanceInfoReplicator-0com.netflix.discovery.DiscoveryClient DiscoveryClient_HLB-SERVER-SYSTEM/localhost:Hlb-Server-System:8201 - registration status: 204
2023-08-08 10:19:05 INFO  [Hlb-Server-System,,,] mainspringfox.documentation.spring.web.scanners.ApiListingReferenceScanner Scanning for api listing references
2023-08-08 10:19:06 INFO  [Hlb-Server-System,,,] mainorg.apache.coyote.http11.Http11NioProtocol Starting ProtocolHandler ["http-nio-8201"]
2023-08-08 10:19:06 INFO  [Hlb-Server-System,,,] mainorg.springframework.boot.web.embedded.tomcat.TomcatWebServer Tomcat started on port(s): 8201 (http) with context path ''
2023-08-08 10:19:06 INFO  [Hlb-Server-System,,,] mainorg.springframework.cloud.netflix.eureka.serviceregistry.EurekaAutoServiceRegistration Updating port to 8201
2023-08-08 10:19:07 INFO  [Hlb-Server-System,,,] mainorg.springframework.cloud.commons.util.InetUtils Cannot determine local hostname
2023-08-08 10:19:07 INFO  [Hlb-Server-System,,,] maincom.hlb.server.system.HlbServerSystemApplication Started HlbServerSystemApplication in 13.603 seconds (JVM running for 14.317)
2023-08-08 10:19:07 INFO  [Hlb-Server-System,,,] RMI TCP Connection(1)-192.168.56.1org.apache.catalina.core.ContainerBase.[Tomcat].[localhost].[/] Initializing Spring DispatcherServlet 'dispatcherServlet'
2023-08-08 10:19:07 INFO  [Hlb-Server-System,,,] RMI TCP Connection(1)-192.168.56.1org.springframework.web.servlet.DispatcherServlet Initializing Servlet 'dispatcherServlet'
2023-08-08 10:19:07 INFO  [Hlb-Server-System,,,] RMI TCP Connection(1)-192.168.56.1org.springframework.web.servlet.DispatcherServlet Completed initialization in 10 ms
2023-08-08 10:19:07 INFO  [Hlb-Server-System,,,] RMI TCP Connection(3)-192.168.56.1org.springframework.amqp.rabbit.connection.CachingConnectionFactory Attempting to connect to: [127.0.0.1:5672]
2023-08-08 10:19:07 INFO  [Hlb-Server-System,,,] RMI TCP Connection(3)-192.168.56.1org.springframework.amqp.rabbit.connection.CachingConnectionFactory Created new connection: rabbitConnectionFactory#1b475663:0/SimpleConnection@17fe6e1e [delegate=amqp://hlb@127.0.0.1:5672/, localPort= 56366]
2023-08-08 10:19:11 INFO  [Hlb-Server-System,,,] registrationTask1de.codecentric.boot.admin.client.registration.ApplicationRegistrator Application registered itself as 5e0c075a675c
2023-08-08 10:20:10 INFO  [Hlb-Server-System,615cc4b2f8e1f44c,d21c72b4396f36eb,true] http-nio-8201-exec-9com.hlb.server.system.controller.TestController /hello服务被调用
2023-08-08 10:24:05 INFO  [Hlb-Server-System,,,] AsyncResolver-bootstrap-executor-0com.netflix.discovery.shared.resolver.aws.ConfigClusterResolver Resolving eureka endpoints via configuration
2023-08-08 10:29:05 INFO  [Hlb-Server-System,,,] AsyncResolver-bootstrap-executor-0com.netflix.discovery.shared.resolver.aws.ConfigClusterResolver Resolving eureka endpoints via configuration
2023-08-08 10:34:05 INFO  [Hlb-Server-System,,,] AsyncResolver-bootstrap-executor-0com.netflix.discovery.shared.resolver.aws.ConfigClusterResolver Resolving eureka endpoints via configuration
2023-08-08 10:39:05 INFO  [Hlb-Server-System,,,] AsyncResolver-bootstrap-executor-0com.netflix.discovery.shared.resolver.aws.ConfigClusterResolver Resolving eureka endpoints via configuration
2023-08-08 10:44:05 INFO  [Hlb-Server-System,,,] AsyncResolver-bootstrap-executor-0com.netflix.discovery.shared.resolver.aws.ConfigClusterResolver Resolving eureka endpoints via configuration
2023-08-08 10:47:31 INFO  [Hlb-Server-System,,,] DiscoveryClient-HeartbeatExecutor-0com.netflix.discovery.shared.transport.decorator.RetryableEurekaHttpClient Request execution succeeded on retry #1
2023-08-08 10:47:31 INFO  [Hlb-Server-System,,,] DiscoveryClient-HeartbeatExecutor-0com.netflix.discovery.DiscoveryClient DiscoveryClient_HLB-SERVER-SYSTEM/localhost:Hlb-Server-System:8201 - Re-registering apps/HLB-SERVER-SYSTEM
2023-08-08 10:47:31 INFO  [Hlb-Server-System,,,] DiscoveryClient-HeartbeatExecutor-0com.netflix.discovery.DiscoveryClient DiscoveryClient_HLB-SERVER-SYSTEM/localhost:Hlb-Server-System:8201: registering service...
2023-08-08 10:47:31 INFO  [Hlb-Server-System,,,] DiscoveryClient-HeartbeatExecutor-0com.netflix.discovery.DiscoveryClient DiscoveryClient_HLB-SERVER-SYSTEM/localhost:Hlb-Server-System:8201 - registration status: 204
2023-08-08 10:47:47 INFO  [springAppName_IS_UNDEFINED,,,] mainorg.springframework.context.support.PostProcessorRegistrationDelegate$BeanPostProcessorChecker Bean 'org.springframework.cloud.autoconfigure.ConfigurationPropertiesRebinderAutoConfiguration' of type [org.springframework.cloud.autoconfigure.ConfigurationPropertiesRebinderAutoConfiguration] is not eligible for getting processed by all BeanPostProcessors (for example: not eligible for auto-proxying)
2023-08-08 10:47:48 INFO  [Hlb-Server-System,,,] maincom.hlb.server.system.HlbServerSystemApplication No active profile set, falling back to default profiles: default
2023-08-08 10:47:50 INFO  [Hlb-Server-System,,,] mainorg.springframework.cloud.context.scope.GenericScope BeanFactory id=465c226c-cf17-3ec2-bfbb-e252581d147b
2023-08-08 10:47:50 INFO  [Hlb-Server-System,,,] mainorg.springframework.context.support.PostProcessorRegistrationDelegate$BeanPostProcessorChecker Bean 'spring.datasource.dynamic-com.baomidou.dynamic.datasource.spring.boot.autoconfigure.DynamicDataSourceProperties' of type [com.baomidou.dynamic.datasource.spring.boot.autoconfigure.DynamicDataSourceProperties] is not eligible for getting processed by all BeanPostProcessors (for example: not eligible for auto-proxying)
2023-08-08 10:47:50 INFO  [Hlb-Server-System,,,] mainorg.springframework.context.support.PostProcessorRegistrationDelegate$BeanPostProcessorChecker Bean 'com.baomidou.dynamic.datasource.spring.boot.autoconfigure.DynamicDataSourceAutoConfiguration' of type [com.baomidou.dynamic.datasource.spring.boot.autoconfigure.DynamicDataSourceAutoConfiguration$$EnhancerBySpringCGLIB$$fd2759c6] is not eligible for getting processed by all BeanPostProcessors (for example: not eligible for auto-proxying)
2023-08-08 10:47:50 INFO  [Hlb-Server-System,,,] mainorg.springframework.context.support.PostProcessorRegistrationDelegate$BeanPostProcessorChecker Bean 'dsProcessor' of type [com.baomidou.dynamic.datasource.processor.DsHeaderProcessor] is not eligible for getting processed by all BeanPostProcessors (for example: not eligible for auto-proxying)
2023-08-08 10:47:50 INFO  [Hlb-Server-System,,,] mainorg.springframework.context.support.PostProcessorRegistrationDelegate$BeanPostProcessorChecker Bean 'dynamicDatasourceAnnotationAdvisor' of type [com.baomidou.dynamic.datasource.aop.DynamicDataSourceAnnotationAdvisor] is not eligible for getting processed by all BeanPostProcessors (for example: not eligible for auto-proxying)
2023-08-08 10:47:50 INFO  [Hlb-Server-System,,,] mainorg.springframework.context.support.PostProcessorRegistrationDelegate$BeanPostProcessorChecker Bean 'org.springframework.security.config.annotation.configuration.ObjectPostProcessorConfiguration' of type [org.springframework.security.config.annotation.configuration.ObjectPostProcessorConfiguration] is not eligible for getting processed by all BeanPostProcessors (for example: not eligible for auto-proxying)
2023-08-08 10:47:50 INFO  [Hlb-Server-System,,,] mainorg.springframework.context.support.PostProcessorRegistrationDelegate$BeanPostProcessorChecker Bean 'objectPostProcessor' of type [org.springframework.security.config.annotation.configuration.AutowireBeanFactoryObjectPostProcessor] is not eligible for getting processed by all BeanPostProcessors (for example: not eligible for auto-proxying)
2023-08-08 10:47:50 INFO  [Hlb-Server-System,,,] mainorg.springframework.context.support.PostProcessorRegistrationDelegate$BeanPostProcessorChecker Bean 'org.springframework.security.access.expression.method.DefaultMethodSecurityExpressionHandler@350da119' of type [org.springframework.security.oauth2.provider.expression.OAuth2MethodSecurityExpressionHandler] is not eligible for getting processed by all BeanPostProcessors (for example: not eligible for auto-proxying)
2023-08-08 10:47:50 INFO  [Hlb-Server-System,,,] mainorg.springframework.context.support.PostProcessorRegistrationDelegate$BeanPostProcessorChecker Bean 'org.springframework.security.config.annotation.method.configuration.GlobalMethodSecurityConfiguration' of type [org.springframework.security.config.annotation.method.configuration.GlobalMethodSecurityConfiguration] is not eligible for getting processed by all BeanPostProcessors (for example: not eligible for auto-proxying)
2023-08-08 10:47:50 INFO  [Hlb-Server-System,,,] mainorg.springframework.context.support.PostProcessorRegistrationDelegate$BeanPostProcessorChecker Bean 'methodSecurityMetadataSource' of type [org.springframework.security.access.method.DelegatingMethodSecurityMetadataSource] is not eligible for getting processed by all BeanPostProcessors (for example: not eligible for auto-proxying)
2023-08-08 10:47:50 INFO  [Hlb-Server-System,,,] mainorg.springframework.context.support.PostProcessorRegistrationDelegate$BeanPostProcessorChecker Bean 'org.springframework.transaction.annotation.ProxyTransactionManagementConfiguration' of type [org.springframework.transaction.annotation.ProxyTransactionManagementConfiguration] is not eligible for getting processed by all BeanPostProcessors (for example: not eligible for auto-proxying)
2023-08-08 10:47:50 INFO  [Hlb-Server-System,,,] mainorg.springframework.context.support.PostProcessorRegistrationDelegate$BeanPostProcessorChecker Bean 'org.springframework.cloud.autoconfigure.ConfigurationPropertiesRebinderAutoConfiguration' of type [org.springframework.cloud.autoconfigure.ConfigurationPropertiesRebinderAutoConfiguration] is not eligible for getting processed by all BeanPostProcessors (for example: not eligible for auto-proxying)
2023-08-08 10:47:50 INFO  [Hlb-Server-System,,,] mainorg.springframework.context.support.PostProcessorRegistrationDelegate$BeanPostProcessorChecker Bean 'org.springframework.cloud.sleuth.instrument.web.client.TraceWebClientAutoConfiguration$TraceOAuthConfiguration' of type [org.springframework.cloud.sleuth.instrument.web.client.TraceWebClientAutoConfiguration$TraceOAuthConfiguration] is not eligible for getting processed by all BeanPostProcessors (for example: not eligible for auto-proxying)
2023-08-08 10:47:50 INFO  [Hlb-Server-System,,,] mainorg.springframework.boot.web.embedded.tomcat.TomcatWebServer Tomcat initialized with port(s): 8201 (http)
2023-08-08 10:47:51 INFO  [Hlb-Server-System,,,] mainorg.apache.coyote.http11.Http11NioProtocol Initializing ProtocolHandler ["http-nio-8201"]
2023-08-08 10:47:51 INFO  [Hlb-Server-System,,,] mainorg.apache.catalina.core.StandardService Starting service [Tomcat]
2023-08-08 10:47:51 INFO  [Hlb-Server-System,,,] mainorg.apache.catalina.core.StandardEngine Starting Servlet engine: [Apache Tomcat/9.0.27]
2023-08-08 10:47:51 INFO  [Hlb-Server-System,,,] mainorg.apache.catalina.core.ContainerBase.[Tomcat].[localhost].[/] Initializing Spring embedded WebApplicationContext
2023-08-08 10:47:51 INFO  [Hlb-Server-System,,,] mainorg.springframework.web.context.ContextLoader Root WebApplicationContext: initialization completed in 2180 ms
2023-08-08 10:47:51 INFO  [Hlb-Server-System,,,] maincom.netflix.config.sources.URLConfigurationSource To enable URLs as dynamic configuration sources, define System property archaius.configurationSource.additionalUrls or make config.properties available on classpath.
2023-08-08 10:47:51 INFO  [Hlb-Server-System,,,] maincom.netflix.config.DynamicPropertyFactory DynamicPropertyFactory is initialized with configuration sources: com.netflix.config.ConcurrentCompositeConfiguration@1152900
2023-08-08 10:47:51 INFO  [Hlb-Server-System,,,] maincom.baomidou.dynamic.datasource.DynamicRoutingDataSource 动态数据源-检测到并开启了p6spy
2023-08-08 10:47:51 INFO  [Hlb-Server-System,,,] maincom.zaxxer.hikari.HikariDataSource base - Starting...
2023-08-08 10:47:52 INFO  [Hlb-Server-System,,,] maincom.zaxxer.hikari.HikariDataSource base - Start completed.
2023-08-08 10:47:52 INFO  [Hlb-Server-System,,,] maincom.baomidou.dynamic.datasource.DynamicRoutingDataSource 初始共加载 1 个数据源
2023-08-08 10:47:52 INFO  [Hlb-Server-System,,,] maincom.baomidou.dynamic.datasource.DynamicRoutingDataSource 动态数据源-加载 base 成功
2023-08-08 10:47:52 INFO  [Hlb-Server-System,,,] maincom.baomidou.dynamic.datasource.DynamicRoutingDataSource 当前的默认数据源是单数据源，数据源名为 base
2023-08-08 10:47:53 INFO  [Hlb-Server-System,,,] mainorg.springframework.cloud.commons.util.InetUtils Cannot determine local hostname
2023-08-08 10:47:53 INFO  [Hlb-Server-System,,,] mainorg.springframework.boot.actuate.endpoint.web.ServletEndpointRegistrar Registered '/actuator/jolokia' to jolokia-actuator-endpoint
2023-08-08 10:47:54 INFO  [Hlb-Server-System,,,] mainorg.springframework.boot.actuate.endpoint.web.EndpointLinksResolver Exposing 18 endpoint(s) beneath base path '/actuator'
2023-08-08 10:47:54 INFO  [Hlb-Server-System,,,] mainspringfox.documentation.spring.web.PropertySourcedRequestMappingHandlerMapping Mapped URL path [/v2/api-docs] onto method [springfox.documentation.swagger2.web.Swagger2Controller#getDocumentation(String, HttpServletRequest)]
2023-08-08 10:47:54 INFO  [Hlb-Server-System,,,] maincom.netflix.config.sources.URLConfigurationSource To enable URLs as dynamic configuration sources, define System property archaius.configurationSource.additionalUrls or make config.properties available on classpath.
2023-08-08 10:47:54 INFO  [Hlb-Server-System,,,] mainorg.springframework.scheduling.concurrent.ThreadPoolTaskExecutor Initializing ExecutorService 'applicationTaskExecutor'
2023-08-08 10:47:54 INFO  [Hlb-Server-System,,,] mainorg.springframework.scheduling.concurrent.ThreadPoolTaskScheduler Initializing ExecutorService
2023-08-08 10:47:55 INFO  [Hlb-Server-System,,,] mainorg.springframework.boot.autoconfigure.security.servlet.UserDetailsServiceAutoConfiguration 

Using generated security password: cbe40279-7c86-40b1-9dfb-d7622acc3269

2023-08-08 10:47:55 INFO  [Hlb-Server-System,,,] mainorg.springframework.security.web.DefaultSecurityFilterChain Creating filter chain: OrRequestMatcher [requestMatchers=[Ant [pattern='/**']]], [org.springframework.security.web.context.request.async.WebAsyncManagerIntegrationFilter@460df441, org.springframework.security.web.context.SecurityContextPersistenceFilter@2e76d0d3, org.springframework.security.web.header.HeaderWriterFilter@2c0d7099, org.springframework.security.web.authentication.logout.LogoutFilter@79f59e0e, org.springframework.security.oauth2.provider.authentication.OAuth2AuthenticationProcessingFilter@444ebefd, org.springframework.security.web.savedrequest.RequestCacheAwareFilter@66b62ebd, org.springframework.security.web.servletapi.SecurityContextHolderAwareRequestFilter@6e54bef6, org.springframework.security.web.authentication.AnonymousAuthenticationFilter@761f1a28, org.springframework.security.web.session.SessionManagementFilter@3d763ae5, org.springframework.security.web.access.ExceptionTranslationFilter@ec70725, org.springframework.security.web.access.intercept.FilterSecurityInterceptor@159408a7]
2023-08-08 10:47:56 INFO  [Hlb-Server-System,,,] mainorg.springframework.cloud.commons.util.InetUtils Cannot determine local hostname
2023-08-08 10:47:57 INFO  [Hlb-Server-System,,,] mainorg.springframework.cloud.commons.util.InetUtils Cannot determine local hostname
2023-08-08 10:47:57 INFO  [Hlb-Server-System,,,] mainorg.springframework.cloud.netflix.eureka.InstanceInfoFactory Setting initial instance status as: STARTING
2023-08-08 10:47:57 INFO  [Hlb-Server-System,,,] maincom.netflix.discovery.DiscoveryClient Initializing Eureka in region us-east-1
2023-08-08 10:47:57 INFO  [Hlb-Server-System,,,] maincom.netflix.discovery.provider.DiscoveryJerseyProvider Using JSON encoding codec LegacyJacksonJson
2023-08-08 10:47:57 INFO  [Hlb-Server-System,,,] maincom.netflix.discovery.provider.DiscoveryJerseyProvider Using JSON decoding codec LegacyJacksonJson
2023-08-08 10:47:58 INFO  [Hlb-Server-System,,,] maincom.netflix.discovery.provider.DiscoveryJerseyProvider Using XML encoding codec XStreamXml
2023-08-08 10:47:58 INFO  [Hlb-Server-System,,,] maincom.netflix.discovery.provider.DiscoveryJerseyProvider Using XML decoding codec XStreamXml
2023-08-08 10:47:58 INFO  [Hlb-Server-System,,,] maincom.netflix.discovery.shared.resolver.aws.ConfigClusterResolver Resolving eureka endpoints via configuration
2023-08-08 10:47:58 INFO  [Hlb-Server-System,,,] maincom.netflix.discovery.DiscoveryClient Disable delta property : false
2023-08-08 10:47:58 INFO  [Hlb-Server-System,,,] maincom.netflix.discovery.DiscoveryClient Single vip registry refresh property : null
2023-08-08 10:47:58 INFO  [Hlb-Server-System,,,] maincom.netflix.discovery.DiscoveryClient Force full registry fetch : false
2023-08-08 10:47:58 INFO  [Hlb-Server-System,,,] maincom.netflix.discovery.DiscoveryClient Application is null : false
2023-08-08 10:47:58 INFO  [Hlb-Server-System,,,] maincom.netflix.discovery.DiscoveryClient Registered Applications size is zero : true
2023-08-08 10:47:58 INFO  [Hlb-Server-System,,,] maincom.netflix.discovery.DiscoveryClient Application version is -1: true
2023-08-08 10:47:58 INFO  [Hlb-Server-System,,,] maincom.netflix.discovery.DiscoveryClient Getting all instance registry info from the eureka server
2023-08-08 10:47:58 INFO  [Hlb-Server-System,,,] maincom.netflix.discovery.DiscoveryClient The response status is 200
2023-08-08 10:47:58 INFO  [Hlb-Server-System,,,] maincom.netflix.discovery.DiscoveryClient Starting heartbeat executor: renew interval is: 20
2023-08-08 10:47:58 INFO  [Hlb-Server-System,,,] maincom.netflix.discovery.InstanceInfoReplicator InstanceInfoReplicator onDemand update allowed rate per min is 4
2023-08-08 10:47:58 INFO  [Hlb-Server-System,,,] maincom.netflix.discovery.DiscoveryClient Discovery Client initialized at timestamp 1691462878420 with initial instances count: 0
2023-08-08 10:47:58 INFO  [Hlb-Server-System,,,] mainorg.springframework.cloud.netflix.eureka.serviceregistry.EurekaServiceRegistry Registering application HLB-SERVER-SYSTEM with eureka with status UP
2023-08-08 10:47:58 INFO  [Hlb-Server-System,,,] maincom.netflix.discovery.DiscoveryClient Saw local status change event StatusChangeEvent [timestamp=1691462878430, current=UP, previous=STARTING]
2023-08-08 10:47:58 INFO  [Hlb-Server-System,,,] DiscoveryClient-InstanceInfoReplicator-0com.netflix.discovery.DiscoveryClient DiscoveryClient_HLB-SERVER-SYSTEM/localhost:Hlb-Server-System:8201: registering service...
2023-08-08 10:47:58 INFO  [Hlb-Server-System,,,] mainspringfox.documentation.spring.web.plugins.DocumentationPluginsBootstrapper Context refreshed
2023-08-08 10:47:58 INFO  [Hlb-Server-System,,,] mainspringfox.documentation.spring.web.plugins.DocumentationPluginsBootstrapper Found 1 custom documentation plugin(s)
2023-08-08 10:47:58 INFO  [Hlb-Server-System,,,] mainspringfox.documentation.spring.web.scanners.ApiListingReferenceScanner Scanning for api listing references
2023-08-08 10:47:58 INFO  [Hlb-Server-System,,,] DiscoveryClient-InstanceInfoReplicator-0com.netflix.discovery.DiscoveryClient DiscoveryClient_HLB-SERVER-SYSTEM/localhost:Hlb-Server-System:8201 - registration status: 204
2023-08-08 10:47:58 INFO  [Hlb-Server-System,,,] mainorg.apache.coyote.http11.Http11NioProtocol Starting ProtocolHandler ["http-nio-8201"]
2023-08-08 10:47:58 INFO  [Hlb-Server-System,,,] mainorg.springframework.boot.web.embedded.tomcat.TomcatWebServer Tomcat started on port(s): 8201 (http) with context path ''
2023-08-08 10:47:58 INFO  [Hlb-Server-System,,,] mainorg.springframework.cloud.netflix.eureka.serviceregistry.EurekaAutoServiceRegistration Updating port to 8201
2023-08-08 10:47:59 INFO  [Hlb-Server-System,,,] mainorg.springframework.cloud.commons.util.InetUtils Cannot determine local hostname
2023-08-08 10:47:59 INFO  [Hlb-Server-System,,,] maincom.hlb.server.system.HlbServerSystemApplication Started HlbServerSystemApplication in 13.454 seconds (JVM running for 14.17)
2023-08-08 10:47:59 INFO  [Hlb-Server-System,,,] RMI TCP Connection(5)-192.168.56.1org.springframework.amqp.rabbit.connection.CachingConnectionFactory Attempting to connect to: [127.0.0.1:5672]
2023-08-08 10:47:59 INFO  [Hlb-Server-System,,,] RMI TCP Connection(4)-192.168.56.1org.apache.catalina.core.ContainerBase.[Tomcat].[localhost].[/] Initializing Spring DispatcherServlet 'dispatcherServlet'
2023-08-08 10:47:59 INFO  [Hlb-Server-System,,,] RMI TCP Connection(4)-192.168.56.1org.springframework.web.servlet.DispatcherServlet Initializing Servlet 'dispatcherServlet'
2023-08-08 10:47:59 INFO  [Hlb-Server-System,,,] RMI TCP Connection(5)-192.168.56.1org.springframework.amqp.rabbit.connection.CachingConnectionFactory Created new connection: rabbitConnectionFactory#505f45cc:0/SimpleConnection@59ebb45a [delegate=amqp://hlb@127.0.0.1:5672/, localPort= 49164]
2023-08-08 10:47:59 INFO  [Hlb-Server-System,,,] RMI TCP Connection(4)-192.168.56.1org.springframework.web.servlet.DispatcherServlet Completed initialization in 11 ms
2023-08-08 10:48:04 INFO  [Hlb-Server-System,,,] registrationTask1de.codecentric.boot.admin.client.registration.ApplicationRegistrator Application registered itself as 5e0c075a675c
2023-08-08 10:48:28 INFO  [Hlb-Server-System,,,] DiscoveryClient-CacheRefreshExecutor-0com.netflix.discovery.DiscoveryClient Disable delta property : false
2023-08-08 10:48:28 INFO  [Hlb-Server-System,,,] DiscoveryClient-CacheRefreshExecutor-0com.netflix.discovery.DiscoveryClient Single vip registry refresh property : null
2023-08-08 10:48:28 INFO  [Hlb-Server-System,,,] DiscoveryClient-CacheRefreshExecutor-0com.netflix.discovery.DiscoveryClient Force full registry fetch : false
2023-08-08 10:48:28 INFO  [Hlb-Server-System,,,] DiscoveryClient-CacheRefreshExecutor-0com.netflix.discovery.DiscoveryClient Application is null : false
2023-08-08 10:48:28 INFO  [Hlb-Server-System,,,] DiscoveryClient-CacheRefreshExecutor-0com.netflix.discovery.DiscoveryClient Registered Applications size is zero : true
2023-08-08 10:48:28 INFO  [Hlb-Server-System,,,] DiscoveryClient-CacheRefreshExecutor-0com.netflix.discovery.DiscoveryClient Application version is -1: false
2023-08-08 10:48:28 INFO  [Hlb-Server-System,,,] DiscoveryClient-CacheRefreshExecutor-0com.netflix.discovery.DiscoveryClient Getting all instance registry info from the eureka server
2023-08-08 10:48:28 INFO  [Hlb-Server-System,,,] DiscoveryClient-CacheRefreshExecutor-0com.netflix.discovery.DiscoveryClient The response status is 200
2023-08-08 10:50:43 INFO  [Hlb-Server-System,9f694765f498ea6e,a2ac1209e3f36520,true] http-nio-8201-exec-2com.hlb.server.system.controller.TestController /hello服务被调用
2023-08-08 10:52:58 INFO  [Hlb-Server-System,,,] AsyncResolver-bootstrap-executor-0com.netflix.discovery.shared.resolver.aws.ConfigClusterResolver Resolving eureka endpoints via configuration
2023-08-08 10:57:58 INFO  [Hlb-Server-System,,,] AsyncResolver-bootstrap-executor-0com.netflix.discovery.shared.resolver.aws.ConfigClusterResolver Resolving eureka endpoints via configuration
2023-08-08 11:02:58 INFO  [Hlb-Server-System,,,] AsyncResolver-bootstrap-executor-0com.netflix.discovery.shared.resolver.aws.ConfigClusterResolver Resolving eureka endpoints via configuration
2023-08-08 11:07:58 INFO  [Hlb-Server-System,,,] AsyncResolver-bootstrap-executor-0com.netflix.discovery.shared.resolver.aws.ConfigClusterResolver Resolving eureka endpoints via configuration
2023-08-08 11:12:58 INFO  [Hlb-Server-System,,,] AsyncResolver-bootstrap-executor-0com.netflix.discovery.shared.resolver.aws.ConfigClusterResolver Resolving eureka endpoints via configuration
2023-08-08 11:17:58 INFO  [Hlb-Server-System,,,] AsyncResolver-bootstrap-executor-0com.netflix.discovery.shared.resolver.aws.ConfigClusterResolver Resolving eureka endpoints via configuration
2023-08-08 11:22:58 INFO  [Hlb-Server-System,,,] AsyncResolver-bootstrap-executor-0com.netflix.discovery.shared.resolver.aws.ConfigClusterResolver Resolving eureka endpoints via configuration
2023-08-08 11:27:58 INFO  [Hlb-Server-System,,,] AsyncResolver-bootstrap-executor-0com.netflix.discovery.shared.resolver.aws.ConfigClusterResolver Resolving eureka endpoints via configuration
2023-08-08 11:32:58 INFO  [Hlb-Server-System,,,] AsyncResolver-bootstrap-executor-0com.netflix.discovery.shared.resolver.aws.ConfigClusterResolver Resolving eureka endpoints via configuration
2023-08-08 11:37:58 INFO  [Hlb-Server-System,,,] AsyncResolver-bootstrap-executor-0com.netflix.discovery.shared.resolver.aws.ConfigClusterResolver Resolving eureka endpoints via configuration
2023-08-08 11:42:58 INFO  [Hlb-Server-System,,,] AsyncResolver-bootstrap-executor-0com.netflix.discovery.shared.resolver.aws.ConfigClusterResolver Resolving eureka endpoints via configuration
2023-08-08 11:47:58 INFO  [Hlb-Server-System,,,] AsyncResolver-bootstrap-executor-0com.netflix.discovery.shared.resolver.aws.ConfigClusterResolver Resolving eureka endpoints via configuration
2023-08-08 11:52:58 INFO  [Hlb-Server-System,,,] AsyncResolver-bootstrap-executor-0com.netflix.discovery.shared.resolver.aws.ConfigClusterResolver Resolving eureka endpoints via configuration
2023-08-08 11:57:58 INFO  [Hlb-Server-System,,,] AsyncResolver-bootstrap-executor-0com.netflix.discovery.shared.resolver.aws.ConfigClusterResolver Resolving eureka endpoints via configuration
2023-08-08 12:02:58 INFO  [Hlb-Server-System,,,] AsyncResolver-bootstrap-executor-0com.netflix.discovery.shared.resolver.aws.ConfigClusterResolver Resolving eureka endpoints via configuration
2023-08-08 12:07:58 INFO  [Hlb-Server-System,,,] AsyncResolver-bootstrap-executor-0com.netflix.discovery.shared.resolver.aws.ConfigClusterResolver Resolving eureka endpoints via configuration
2023-08-08 12:12:58 INFO  [Hlb-Server-System,,,] AsyncResolver-bootstrap-executor-0com.netflix.discovery.shared.resolver.aws.ConfigClusterResolver Resolving eureka endpoints via configuration
2023-08-08 12:17:58 INFO  [Hlb-Server-System,,,] AsyncResolver-bootstrap-executor-0com.netflix.discovery.shared.resolver.aws.ConfigClusterResolver Resolving eureka endpoints via configuration
2023-08-08 12:22:58 INFO  [Hlb-Server-System,,,] AsyncResolver-bootstrap-executor-0com.netflix.discovery.shared.resolver.aws.ConfigClusterResolver Resolving eureka endpoints via configuration
2023-08-08 12:27:58 INFO  [Hlb-Server-System,,,] AsyncResolver-bootstrap-executor-0com.netflix.discovery.shared.resolver.aws.ConfigClusterResolver Resolving eureka endpoints via configuration
2023-08-08 12:32:58 INFO  [Hlb-Server-System,,,] AsyncResolver-bootstrap-executor-0com.netflix.discovery.shared.resolver.aws.ConfigClusterResolver Resolving eureka endpoints via configuration
2023-08-08 12:37:58 INFO  [Hlb-Server-System,,,] AsyncResolver-bootstrap-executor-0com.netflix.discovery.shared.resolver.aws.ConfigClusterResolver Resolving eureka endpoints via configuration
2023-08-08 12:42:58 INFO  [Hlb-Server-System,,,] AsyncResolver-bootstrap-executor-0com.netflix.discovery.shared.resolver.aws.ConfigClusterResolver Resolving eureka endpoints via configuration
2023-08-08 12:47:58 INFO  [Hlb-Server-System,,,] AsyncResolver-bootstrap-executor-0com.netflix.discovery.shared.resolver.aws.ConfigClusterResolver Resolving eureka endpoints via configuration
2023-08-08 12:52:58 INFO  [Hlb-Server-System,,,] AsyncResolver-bootstrap-executor-0com.netflix.discovery.shared.resolver.aws.ConfigClusterResolver Resolving eureka endpoints via configuration
2023-08-08 12:57:58 INFO  [Hlb-Server-System,,,] AsyncResolver-bootstrap-executor-0com.netflix.discovery.shared.resolver.aws.ConfigClusterResolver Resolving eureka endpoints via configuration
2023-08-08 13:02:58 INFO  [Hlb-Server-System,,,] AsyncResolver-bootstrap-executor-0com.netflix.discovery.shared.resolver.aws.ConfigClusterResolver Resolving eureka endpoints via configuration
2023-08-08 13:07:58 INFO  [Hlb-Server-System,,,] AsyncResolver-bootstrap-executor-0com.netflix.discovery.shared.resolver.aws.ConfigClusterResolver Resolving eureka endpoints via configuration
2023-08-08 13:12:58 INFO  [Hlb-Server-System,,,] AsyncResolver-bootstrap-executor-0com.netflix.discovery.shared.resolver.aws.ConfigClusterResolver Resolving eureka endpoints via configuration
2023-08-08 13:17:58 INFO  [Hlb-Server-System,,,] AsyncResolver-bootstrap-executor-0com.netflix.discovery.shared.resolver.aws.ConfigClusterResolver Resolving eureka endpoints via configuration
2023-08-08 13:22:58 INFO  [Hlb-Server-System,,,] AsyncResolver-bootstrap-executor-0com.netflix.discovery.shared.resolver.aws.ConfigClusterResolver Resolving eureka endpoints via configuration
2023-08-08 13:27:58 INFO  [Hlb-Server-System,,,] AsyncResolver-bootstrap-executor-0com.netflix.discovery.shared.resolver.aws.ConfigClusterResolver Resolving eureka endpoints via configuration
2023-08-08 13:32:58 INFO  [Hlb-Server-System,,,] AsyncResolver-bootstrap-executor-0com.netflix.discovery.shared.resolver.aws.ConfigClusterResolver Resolving eureka endpoints via configuration
2023-08-08 13:37:58 INFO  [Hlb-Server-System,,,] AsyncResolver-bootstrap-executor-0com.netflix.discovery.shared.resolver.aws.ConfigClusterResolver Resolving eureka endpoints via configuration
2023-08-08 13:42:58 INFO  [Hlb-Server-System,,,] AsyncResolver-bootstrap-executor-0com.netflix.discovery.shared.resolver.aws.ConfigClusterResolver Resolving eureka endpoints via configuration
2023-08-08 13:47:58 INFO  [Hlb-Server-System,,,] AsyncResolver-bootstrap-executor-0com.netflix.discovery.shared.resolver.aws.ConfigClusterResolver Resolving eureka endpoints via configuration
2023-08-08 13:52:58 INFO  [Hlb-Server-System,,,] AsyncResolver-bootstrap-executor-0com.netflix.discovery.shared.resolver.aws.ConfigClusterResolver Resolving eureka endpoints via configuration
2023-08-08 13:57:58 INFO  [Hlb-Server-System,,,] AsyncResolver-bootstrap-executor-0com.netflix.discovery.shared.resolver.aws.ConfigClusterResolver Resolving eureka endpoints via configuration
2023-08-08 14:02:58 INFO  [Hlb-Server-System,,,] AsyncResolver-bootstrap-executor-0com.netflix.discovery.shared.resolver.aws.ConfigClusterResolver Resolving eureka endpoints via configuration
2023-08-08 14:07:58 INFO  [Hlb-Server-System,,,] AsyncResolver-bootstrap-executor-0com.netflix.discovery.shared.resolver.aws.ConfigClusterResolver Resolving eureka endpoints via configuration
2023-08-08 14:12:58 INFO  [Hlb-Server-System,,,] AsyncResolver-bootstrap-executor-0com.netflix.discovery.shared.resolver.aws.ConfigClusterResolver Resolving eureka endpoints via configuration
2023-08-08 14:17:58 INFO  [Hlb-Server-System,,,] AsyncResolver-bootstrap-executor-0com.netflix.discovery.shared.resolver.aws.ConfigClusterResolver Resolving eureka endpoints via configuration
